[debug] [2022-09-05T17:30:08.117Z] ----------------------------------------------------------------------
[debug] [2022-09-05T17:30:08.118Z] Command:       /usr/local/bin/node /usr/local/bin/firebase serve -p 5001
[debug] [2022-09-05T17:30:08.118Z] CLI Version:   11.7.0
[debug] [2022-09-05T17:30:08.118Z] Platform:      darwin
[debug] [2022-09-05T17:30:08.118Z] Node Version:  v16.13.1
[debug] [2022-09-05T17:30:08.120Z] Time:          Mon Sep 05 2022 14:30:08 GMT-0300 (Argentina Standard Time)
[debug] [2022-09-05T17:30:08.120Z] ----------------------------------------------------------------------
[debug] 
[debug] [2022-09-05T17:30:08.154Z] > command requires scopes: ["email","openid","https://www.googleapis.com/auth/cloudplatformprojects.readonly","https://www.googleapis.com/auth/firebase","https://www.googleapis.com/auth/cloud-platform"]
[debug] [2022-09-05T17:30:08.154Z] > authorizing via signed-in user (jpcamverde9801@gmail.com)
[debug] [2022-09-05T17:30:08.154Z] [iam] checking project igb-fonetica for permissions ["firebase.projects.get"]
[debug] [2022-09-05T17:30:08.155Z] > refreshing access token with scopes: []
[debug] [2022-09-05T17:30:08.156Z] >>> [apiv2][query] POST https://www.googleapis.com/oauth2/v3/token [none]
[debug] [2022-09-05T17:30:08.156Z] >>> [apiv2][body] POST https://www.googleapis.com/oauth2/v3/token [omitted]
[debug] [2022-09-05T17:30:08.304Z] <<< [apiv2][status] POST https://www.googleapis.com/oauth2/v3/token 200
[debug] [2022-09-05T17:30:08.304Z] <<< [apiv2][body] POST https://www.googleapis.com/oauth2/v3/token [omitted]
[debug] [2022-09-05T17:30:08.345Z] >>> [apiv2][query] POST https://cloudresourcemanager.googleapis.com/v1/projects/igb-fonetica:testIamPermissions [none]
[debug] [2022-09-05T17:30:08.345Z] >>> [apiv2][(partial)header] POST https://cloudresourcemanager.googleapis.com/v1/projects/igb-fonetica:testIamPermissions x-goog-quota-user=projects/igb-fonetica
[debug] [2022-09-05T17:30:08.346Z] >>> [apiv2][body] POST https://cloudresourcemanager.googleapis.com/v1/projects/igb-fonetica:testIamPermissions {"permissions":["firebase.projects.get"]}
[debug] [2022-09-05T17:30:09.352Z] <<< [apiv2][status] POST https://cloudresourcemanager.googleapis.com/v1/projects/igb-fonetica:testIamPermissions 200
[debug] [2022-09-05T17:30:09.352Z] <<< [apiv2][body] POST https://cloudresourcemanager.googleapis.com/v1/projects/igb-fonetica:testIamPermissions {"permissions":["firebase.projects.get"]}
[debug] [2022-09-05T17:30:09.353Z] >>> [apiv2][query] GET https://firebase.googleapis.com/v1beta1/projects/igb-fonetica [none]
[debug] [2022-09-05T17:30:10.383Z] <<< [apiv2][status] GET https://firebase.googleapis.com/v1beta1/projects/igb-fonetica 200
[debug] [2022-09-05T17:30:10.384Z] <<< [apiv2][body] GET https://firebase.googleapis.com/v1beta1/projects/igb-fonetica {"projectId":"igb-fonetica","projectNumber":"633879905803","displayName":"iGB-fonetica","name":"projects/igb-fonetica","resources":{"hostingSite":"igb-fonetica","storageBucket":"igb-fonetica.appspot.com","locationId":"us-central"},"state":"ACTIVE","etag":"1_a32d9fb6-6044-47be-8137-7489dc7cfc91"}
[info] 
[info] === Serving from '/Users/pierrecampoverde/projects/IGB/backend'...
[info] 
[info] ✔  functions: Using node@16 from host. {"metadata":{"emulator":{"name":"functions"},"message":"Using node@16 from host."}}
[debug] [2022-09-05T17:30:10.404Z] defaultcredentials: writing to file /Users/pierrecampoverde/.config/firebase/jpcamverde9801_gmail_com_application_default_credentials.json
[debug] [2022-09-05T17:30:10.406Z] Setting GAC to /Users/pierrecampoverde/.config/firebase/jpcamverde9801_gmail_com_application_default_credentials.json {"metadata":{"emulator":{"name":"functions"},"message":"Setting GAC to /Users/pierrecampoverde/.config/firebase/jpcamverde9801_gmail_com_application_default_credentials.json"}}
[debug] [2022-09-05T17:30:10.407Z] >>> [apiv2][query] GET https://firebase.googleapis.com/v1beta1/projects/igb-fonetica/adminSdkConfig [none]
[debug] [2022-09-05T17:30:10.785Z] <<< [apiv2][status] GET https://firebase.googleapis.com/v1beta1/projects/igb-fonetica/adminSdkConfig 200
[debug] [2022-09-05T17:30:10.786Z] <<< [apiv2][body] GET https://firebase.googleapis.com/v1beta1/projects/igb-fonetica/adminSdkConfig {"projectId":"igb-fonetica","storageBucket":"igb-fonetica.appspot.com","locationId":"us-central"}
[info] i  functions: Watching "/Users/pierrecampoverde/projects/IGB/backend/functions" for Cloud Functions... {"metadata":{"emulator":{"name":"functions"},"message":"Watching \"/Users/pierrecampoverde/projects/IGB/backend/functions\" for Cloud Functions..."}}
[debug] [2022-09-05T17:30:10.830Z] Validating nodejs source
[warn] ⚠  functions: package.json indicates an outdated version of firebase-functions. Please upgrade using npm install --save firebase-functions@latest in your functions directory. 
[debug] [2022-09-05T17:30:11.453Z] > [functions] package.json contents: {
  "name": "functions",
  "description": "Cloud Functions for Firebase",
  "scripts": {
    "serve": "firebase emulators:start --only functions",
    "shell": "firebase functions:shell",
    "start": "npm run shell",
    "deploy": "firebase deploy --only functions",
    "logs": "firebase functions:log"
  },
  "engines": {
    "node": "16"
  },
  "main": "index.js",
  "dependencies": {
    "algoliasearch": "^4.14.2",
    "cookie-parser": "^1.4.6",
    "cors": "^2.8.5",
    "express": "^4.18.1",
    "firebase": "^9.9.3",
    "firebase-admin": "^10.0.2",
    "firebase-functions": "^3.18.0",
    "stream-json": "^1.7.4"
  },
  "devDependencies": {
    "firebase-functions-test": "^0.2.0"
  },
  "private": true
}
[debug] [2022-09-05T17:30:11.453Z] Building nodejs source
[debug] [2022-09-05T17:30:11.453Z] Analyzing nodejs backend spec
[debug] [2022-09-05T17:30:11.455Z] Could not find functions.yaml. Must use http discovery
[debug] [2022-09-05T17:30:11.554Z] Serving at port 9005

[debug] [2022-09-05T17:30:11.588Z] Got response from /__/functions.yaml Failed to generate manifest from function source: SyntaxError: await is only valid in async functions and the top level bodies of modules
[debug] [2022-09-05T17:30:11.590Z] Failed to parse functions.yamlincomplete explicit mapping pair; a key node is missed; or followed by a non-tabulated empty line at line 1, column 62:
     ... rom function source: SyntaxError: await is only valid in async f ... 
                                         ^ {"name":"YAMLException","reason":"incomplete explicit mapping pair; a key node is missed; or followed by a non-tabulated empty line","mark":{"name":null,"buffer":"Failed to generate manifest from function source: SyntaxError: await is only valid in async functions and the top level bodies of modules\n\u0000","position":61,"line":0,"column":61},"message":"incomplete explicit mapping pair; a key node is missed; or followed by a non-tabulated empty line at line 1, column 62:\n     ... rom function source: SyntaxError: await is only valid in async f ... \n                                         ^"}
[debug] [2022-09-05T17:30:11.592Z] shutdown requested via /__/quitquitquit

[error] ⬢  functions: Failed to load function definition from source: FirebaseError: Failed to load function definition from source: Failed to generate manifest from function source: SyntaxError: await is only valid in async functions and the top level bodies of modules {"metadata":{"emulator":{"name":"functions"},"message":"Failed to load function definition from source: FirebaseError: Failed to load function definition from source: Failed to generate manifest from function source: SyntaxError: await is only valid in async functions and the top level bodies of modules"}}
[debug] [2022-09-05T17:30:25.790Z] File /Users/pierrecampoverde/projects/IGB/backend/functions/src/API/brands.js changed, reloading triggers {"metadata":{"emulator":{"name":"functions"},"message":"File /Users/pierrecampoverde/projects/IGB/backend/functions/src/API/brands.js changed, reloading triggers"}}
[debug] [2022-09-05T17:30:26.797Z] Validating nodejs source
[warn] ⚠  functions: package.json indicates an outdated version of firebase-functions. Please upgrade using npm install --save firebase-functions@latest in your functions directory. 
[debug] [2022-09-05T17:30:27.386Z] > [functions] package.json contents: {
  "name": "functions",
  "description": "Cloud Functions for Firebase",
  "scripts": {
    "serve": "firebase emulators:start --only functions",
    "shell": "firebase functions:shell",
    "start": "npm run shell",
    "deploy": "firebase deploy --only functions",
    "logs": "firebase functions:log"
  },
  "engines": {
    "node": "16"
  },
  "main": "index.js",
  "dependencies": {
    "algoliasearch": "^4.14.2",
    "cookie-parser": "^1.4.6",
    "cors": "^2.8.5",
    "express": "^4.18.1",
    "firebase": "^9.9.3",
    "firebase-admin": "^10.0.2",
    "firebase-functions": "^3.18.0",
    "stream-json": "^1.7.4"
  },
  "devDependencies": {
    "firebase-functions-test": "^0.2.0"
  },
  "private": true
}
[debug] [2022-09-05T17:30:27.386Z] Building nodejs source
[debug] [2022-09-05T17:30:27.386Z] Analyzing nodejs backend spec
[debug] [2022-09-05T17:30:27.386Z] Could not find functions.yaml. Must use http discovery
[debug] [2022-09-05T17:30:27.479Z] Serving at port 9005

[debug] [2022-09-05T17:30:27.556Z] Got response from /__/functions.yaml {"endpoints":{"api":{"platform":"gcfv1","httpsTrigger":{},"entryPoint":"api"}},"specVersion":"v1alpha1","requiredAPIs":[]}
[debug] [2022-09-05T17:30:27.558Z] shutdown requested via /__/quitquitquit

[info] ✔  functions: Loaded functions definitions from source: api. {"metadata":{"emulator":{"name":"functions"},"message":"Loaded functions definitions from source: api."}}
[info] ✔  functions[us-central1-api]: http function initialized (http://localhost:5001/igb-fonetica/us-central1/api). {"metadata":{"emulator":{"name":"functions"},"message":"\u001b[1mhttp\u001b[22m function initialized (http://localhost:5001/igb-fonetica/us-central1/api)."}}
[debug] [2022-09-05T17:30:56.007Z] File /Users/pierrecampoverde/projects/IGB/backend/functions/src/API/brands.js changed, reloading triggers {"metadata":{"emulator":{"name":"functions"},"message":"File /Users/pierrecampoverde/projects/IGB/backend/functions/src/API/brands.js changed, reloading triggers"}}
[debug] [2022-09-05T17:30:56.683Z] File /Users/pierrecampoverde/projects/IGB/backend/functions/src/API/brands.js changed, reloading triggers {"metadata":{"emulator":{"name":"functions"},"message":"File /Users/pierrecampoverde/projects/IGB/backend/functions/src/API/brands.js changed, reloading triggers"}}
[debug] [2022-09-05T17:30:57.690Z] Validating nodejs source
[warn] ⚠  functions: package.json indicates an outdated version of firebase-functions. Please upgrade using npm install --save firebase-functions@latest in your functions directory. 
[debug] [2022-09-05T17:30:58.338Z] > [functions] package.json contents: {
  "name": "functions",
  "description": "Cloud Functions for Firebase",
  "scripts": {
    "serve": "firebase emulators:start --only functions",
    "shell": "firebase functions:shell",
    "start": "npm run shell",
    "deploy": "firebase deploy --only functions",
    "logs": "firebase functions:log"
  },
  "engines": {
    "node": "16"
  },
  "main": "index.js",
  "dependencies": {
    "algoliasearch": "^4.14.2",
    "cookie-parser": "^1.4.6",
    "cors": "^2.8.5",
    "express": "^4.18.1",
    "firebase": "^9.9.3",
    "firebase-admin": "^10.0.2",
    "firebase-functions": "^3.18.0",
    "stream-json": "^1.7.4"
  },
  "devDependencies": {
    "firebase-functions-test": "^0.2.0"
  },
  "private": true
}
[debug] [2022-09-05T17:30:58.338Z] Building nodejs source
[debug] [2022-09-05T17:30:58.338Z] Analyzing nodejs backend spec
[debug] [2022-09-05T17:30:58.339Z] Could not find functions.yaml. Must use http discovery
[debug] [2022-09-05T17:30:58.427Z] Serving at port 9005

[debug] [2022-09-05T17:30:58.498Z] Got response from /__/functions.yaml {"endpoints":{"api":{"platform":"gcfv1","httpsTrigger":{},"entryPoint":"api"}},"specVersion":"v1alpha1","requiredAPIs":[]}
[debug] [2022-09-05T17:30:58.500Z] shutdown requested via /__/quitquitquit

[info] ✔  functions: Loaded functions definitions from source: api. {"metadata":{"emulator":{"name":"functions"},"message":"Loaded functions definitions from source: api."}}
[debug] [2022-09-05T17:34:34.978Z] [work-queue] {"queueLength":1,"workRunningCount":0}
[debug] [2022-09-05T17:34:34.981Z] [work-queue] {"queueLength":0,"workRunningCount":1}
[debug] [2022-09-05T17:34:34.983Z] Accepted request OPTIONS /igb-fonetica/us-central1/api/gazeta --> us-central1-api
[debug] [2022-09-05T17:34:35.010Z] [worker-pool] addWorker(us-central1-api) {"metadata":{"emulator":{"name":"functions"},"message":"[worker-pool] addWorker(us-central1-api)"}}
[debug] [2022-09-05T17:34:35.011Z] [worker-pool] Adding worker with key us-central1-api, total=1 {"metadata":{"emulator":{"name":"functions"},"message":"[worker-pool] Adding worker with key us-central1-api, total=1"}}
[debug] [2022-09-05T17:34:35.011Z] [worker-pool] submitWork(triggerId=us-central1-api) {"metadata":{"emulator":{"name":"functions"},"message":"[worker-pool] submitWork(triggerId=us-central1-api)"}}
[debug] [2022-09-05T17:34:35.011Z] [worker-us-central1-api-7d72045a-e6f4-4c74-8ea4-801e4c0427c3]: BUSY {"metadata":{"emulator":{"name":"functions"},"message":"[worker-us-central1-api-7d72045a-e6f4-4c74-8ea4-801e4c0427c3]: BUSY"}}
[debug] [2022-09-05T17:34:35.626Z] [runtime-status] [51189] Resolved module firebase-admin {"declared":true,"installed":true,"version":"10.3.0","resolution":"/Users/pierrecampoverde/projects/IGB/backend/functions/node_modules/firebase-admin/lib/index.js"} {"metadata":{"emulator":{"name":"functions"},"function":{"name":"us-central1-api"},"extension":{},"message":"[runtime-status] [51189] Resolved module firebase-admin {\"declared\":true,\"installed\":true,\"version\":\"10.3.0\",\"resolution\":\"/Users/pierrecampoverde/projects/IGB/backend/functions/node_modules/firebase-admin/lib/index.js\"}"}}
[debug] [2022-09-05T17:34:35.627Z] [runtime-status] [51189] Resolved module firebase-functions {"declared":true,"installed":true,"version":"3.22.0","resolution":"/Users/pierrecampoverde/projects/IGB/backend/functions/node_modules/firebase-functions/lib/index.js"} {"metadata":{"emulator":{"name":"functions"},"function":{"name":"us-central1-api"},"extension":{},"message":"[runtime-status] [51189] Resolved module firebase-functions {\"declared\":true,\"installed\":true,\"version\":\"3.22.0\",\"resolution\":\"/Users/pierrecampoverde/projects/IGB/backend/functions/node_modules/firebase-functions/lib/index.js\"}"}}
[debug] [2022-09-05T17:34:35.627Z] [runtime-status] [51189] Outgoing network have been stubbed. [{"name":"http","status":"mocked"},{"name":"http","status":"mocked"},{"name":"https","status":"mocked"},{"name":"https","status":"mocked"},{"name":"net","status":"mocked"}] {"metadata":{"emulator":{"name":"functions"},"function":{"name":"us-central1-api"},"extension":{},"message":"[runtime-status] [51189] Outgoing network have been stubbed. [{\"name\":\"http\",\"status\":\"mocked\"},{\"name\":\"http\",\"status\":\"mocked\"},{\"name\":\"https\",\"status\":\"mocked\"},{\"name\":\"https\",\"status\":\"mocked\"},{\"name\":\"net\",\"status\":\"mocked\"}]"}}
[debug] [2022-09-05T17:34:35.627Z] [runtime-status] [51189] Resolved module firebase-functions {"declared":true,"installed":true,"version":"3.22.0","resolution":"/Users/pierrecampoverde/projects/IGB/backend/functions/node_modules/firebase-functions/lib/index.js"} {"metadata":{"emulator":{"name":"functions"},"function":{"name":"us-central1-api"},"extension":{},"message":"[runtime-status] [51189] Resolved module firebase-functions {\"declared\":true,\"installed\":true,\"version\":\"3.22.0\",\"resolution\":\"/Users/pierrecampoverde/projects/IGB/backend/functions/node_modules/firebase-functions/lib/index.js\"}"}}
[debug] [2022-09-05T17:34:35.657Z] [runtime-status] [51189] Checked functions.config() {"config":{}} {"metadata":{"emulator":{"name":"functions"},"function":{"name":"us-central1-api"},"extension":{},"message":"[runtime-status] [51189] Checked functions.config() {\"config\":{}}"}}
[debug] [2022-09-05T17:34:35.657Z] [runtime-status] [51189] firebase-functions has been stubbed. {"functionsResolution":{"declared":true,"installed":true,"version":"3.22.0","resolution":"/Users/pierrecampoverde/projects/IGB/backend/functions/node_modules/firebase-functions/lib/index.js"}} {"metadata":{"emulator":{"name":"functions"},"function":{"name":"us-central1-api"},"extension":{},"message":"[runtime-status] [51189] firebase-functions has been stubbed. {\"functionsResolution\":{\"declared\":true,\"installed\":true,\"version\":\"3.22.0\",\"resolution\":\"/Users/pierrecampoverde/projects/IGB/backend/functions/node_modules/firebase-functions/lib/index.js\"}}"}}
[debug] [2022-09-05T17:34:35.657Z] [runtime-status] [51189] Resolved module firebase-functions {"declared":true,"installed":true,"version":"3.22.0","resolution":"/Users/pierrecampoverde/projects/IGB/backend/functions/node_modules/firebase-functions/lib/index.js"} {"metadata":{"emulator":{"name":"functions"},"function":{"name":"us-central1-api"},"extension":{},"message":"[runtime-status] [51189] Resolved module firebase-functions {\"declared\":true,\"installed\":true,\"version\":\"3.22.0\",\"resolution\":\"/Users/pierrecampoverde/projects/IGB/backend/functions/node_modules/firebase-functions/lib/index.js\"}"}}
[debug] [2022-09-05T17:34:35.658Z] [runtime-status] [51189] Resolved module firebase-admin {"declared":true,"installed":true,"version":"10.3.0","resolution":"/Users/pierrecampoverde/projects/IGB/backend/functions/node_modules/firebase-admin/lib/index.js"} {"metadata":{"emulator":{"name":"functions"},"function":{"name":"us-central1-api"},"extension":{},"message":"[runtime-status] [51189] Resolved module firebase-admin {\"declared\":true,\"installed\":true,\"version\":\"10.3.0\",\"resolution\":\"/Users/pierrecampoverde/projects/IGB/backend/functions/node_modules/firebase-admin/lib/index.js\"}"}}
[debug] [2022-09-05T17:34:35.658Z] [runtime-status] [51189] Resolved module firebase-functions {"declared":true,"installed":true,"version":"3.22.0","resolution":"/Users/pierrecampoverde/projects/IGB/backend/functions/node_modules/firebase-functions/lib/index.js"} {"metadata":{"emulator":{"name":"functions"},"function":{"name":"us-central1-api"},"extension":{},"message":"[runtime-status] [51189] Resolved module firebase-functions {\"declared\":true,\"installed\":true,\"version\":\"3.22.0\",\"resolution\":\"/Users/pierrecampoverde/projects/IGB/backend/functions/node_modules/firebase-functions/lib/index.js\"}"}}
[debug] [2022-09-05T17:34:35.658Z] [runtime-status] [51189] firebase-admin has been stubbed. {"adminResolution":{"declared":true,"installed":true,"version":"10.3.0","resolution":"/Users/pierrecampoverde/projects/IGB/backend/functions/node_modules/firebase-admin/lib/index.js"}} {"metadata":{"emulator":{"name":"functions"},"function":{"name":"us-central1-api"},"extension":{},"message":"[runtime-status] [51189] firebase-admin has been stubbed. {\"adminResolution\":{\"declared\":true,\"installed\":true,\"version\":\"10.3.0\",\"resolution\":\"/Users/pierrecampoverde/projects/IGB/backend/functions/node_modules/firebase-admin/lib/index.js\"}}"}}
[debug] [2022-09-05T17:34:35.658Z] [runtime-status] [51189] Functions runtime initialized. {"cwd":"/Users/pierrecampoverde/projects/IGB/backend/functions","node_version":"16.13.1"} {"metadata":{"emulator":{"name":"functions"},"function":{"name":"us-central1-api"},"extension":{},"message":"[runtime-status] [51189] Functions runtime initialized. {\"cwd\":\"/Users/pierrecampoverde/projects/IGB/backend/functions\",\"node_version\":\"16.13.1\"}"}}
[debug] [2022-09-05T17:34:35.704Z] [runtime-status] [51189] initializeApp(DEFAULT) {"storageBucket":"igb-fonetica.appspot.com","projectId":"igb-fonetica"} {"metadata":{"emulator":{"name":"functions"},"function":{"name":"us-central1-api"},"extension":{},"message":"[runtime-status] [51189] initializeApp(DEFAULT) {\"storageBucket\":\"igb-fonetica.appspot.com\",\"projectId\":\"igb-fonetica\"}"}}
[warn] ⚠  functions: The Cloud Firestore emulator is not running, so calls to Firestore will affect production. {"metadata":{"emulator":{"name":"functions"},"function":{"name":"us-central1-api"},"extension":{},"message":"The Cloud Firestore emulator is not running, so calls to Firestore will affect production."}}
[debug] [2022-09-05T17:34:35.750Z] [runtime-status] [51189] Beginning invocation function api! {"metadata":{"emulator":{"name":"functions"},"function":{"name":"us-central1-api"},"extension":{},"message":"[runtime-status] [51189] Beginning invocation function api!"}}
[info] i  functions: Beginning execution of "api" {"metadata":{"emulator":{"name":"functions"},"function":{"name":"us-central1-api"},"extension":{},"message":"Beginning execution of \"api\""}}
[debug] [2022-09-05T17:34:35.756Z] [runtime-status] [51189] Running api in signature http {"metadata":{"emulator":{"name":"functions"},"function":{"name":"us-central1-api"},"extension":{},"message":"[runtime-status] [51189] Running api in signature http"}}
[debug] [2022-09-05T17:34:35.756Z] [runtime-status] [51189] Listening to port: /var/folders/q4/6lvlk67j66j7k221yfxsm4b80000gn/T/fire_emu_42e237aa52850fe2.sock {"metadata":{"emulator":{"name":"functions"},"function":{"name":"us-central1-api"},"extension":{},"message":"[runtime-status] [51189] Listening to port: /var/folders/q4/6lvlk67j66j7k221yfxsm4b80000gn/T/fire_emu_42e237aa52850fe2.sock"}}
[debug] [2022-09-05T17:34:35.840Z] [functions] Runtime ready! Sending request! {"metadata":{"emulator":{"name":"functions"},"message":"[functions] Runtime ready! Sending request!"}}
[debug] [2022-09-05T17:34:35.840Z] [functions] Got req.url=/igb-fonetica/us-central1/api/gazeta, mapping to path=/gazeta {"metadata":{"emulator":{"name":"functions"},"message":"[functions] Got req.url=/igb-fonetica/us-central1/api/gazeta, mapping to path=/gazeta"}}
[debug] [2022-09-05T17:34:35.842Z] [runtime-status] [51189] Ephemeral server handling OPTIONS request {"metadata":{"emulator":{"name":"functions"},"function":{"name":"us-central1-api"},"extension":{},"message":"[runtime-status] [51189] Ephemeral server handling OPTIONS request"}}
[debug] [2022-09-05T17:34:35.843Z] [runtime-status] [51189] Ephemeral server survived. {"metadata":{"emulator":{"name":"functions"},"function":{"name":"us-central1-api"},"extension":{},"message":"[runtime-status] [51189] Ephemeral server survived."}}
[info] i  functions: Finished "api" in ~1s {"metadata":{"emulator":{"name":"functions"},"function":{"name":"us-central1-api"},"extension":{},"message":"Finished \"api\" in ~1s"}}
[debug] [2022-09-05T17:34:35.843Z] [worker-us-central1-api-7d72045a-e6f4-4c74-8ea4-801e4c0427c3]: IDLE {"metadata":{"emulator":{"name":"functions"},"message":"[worker-us-central1-api-7d72045a-e6f4-4c74-8ea4-801e4c0427c3]: IDLE"}}
[debug] [2022-09-05T17:34:35.844Z] [work-queue] {"queueLength":0,"workRunningCount":0}
[debug] [2022-09-05T17:34:35.849Z] [work-queue] {"queueLength":1,"workRunningCount":0}
[debug] [2022-09-05T17:34:35.849Z] [work-queue] {"queueLength":0,"workRunningCount":1}
[debug] [2022-09-05T17:34:35.849Z] Accepted request POST /igb-fonetica/us-central1/api/gazeta --> us-central1-api
[debug] [2022-09-05T17:34:35.849Z] [worker-pool] submitWork(triggerId=us-central1-api) {"metadata":{"emulator":{"name":"functions"},"message":"[worker-pool] submitWork(triggerId=us-central1-api)"}}
[debug] [2022-09-05T17:34:35.849Z] [worker-us-central1-api-7d72045a-e6f4-4c74-8ea4-801e4c0427c3]: BUSY {"metadata":{"emulator":{"name":"functions"},"message":"[worker-us-central1-api-7d72045a-e6f4-4c74-8ea4-801e4c0427c3]: BUSY"}}
[debug] [2022-09-05T17:34:35.853Z] [runtime-status] [51189] Beginning invocation function api! {"metadata":{"emulator":{"name":"functions"},"function":{"name":"us-central1-api"},"extension":{},"message":"[runtime-status] [51189] Beginning invocation function api!"}}
[info] i  functions: Beginning execution of "api" {"metadata":{"emulator":{"name":"functions"},"function":{"name":"us-central1-api"},"extension":{},"message":"Beginning execution of \"api\""}}
[debug] [2022-09-05T17:34:35.853Z] [runtime-status] [51189] Running api in signature http {"metadata":{"emulator":{"name":"functions"},"function":{"name":"us-central1-api"},"extension":{},"message":"[runtime-status] [51189] Running api in signature http"}}
[debug] [2022-09-05T17:34:35.854Z] [runtime-status] [51189] Listening to port: /var/folders/q4/6lvlk67j66j7k221yfxsm4b80000gn/T/fire_emu_42e237aa52850fe2.sock {"metadata":{"emulator":{"name":"functions"},"function":{"name":"us-central1-api"},"extension":{},"message":"[runtime-status] [51189] Listening to port: /var/folders/q4/6lvlk67j66j7k221yfxsm4b80000gn/T/fire_emu_42e237aa52850fe2.sock"}}
[debug] [2022-09-05T17:34:35.956Z] [functions] Runtime ready! Sending request! {"metadata":{"emulator":{"name":"functions"},"message":"[functions] Runtime ready! Sending request!"}}
[debug] [2022-09-05T17:34:35.956Z] [functions] Got req.url=/igb-fonetica/us-central1/api/gazeta, mapping to path=/gazeta {"metadata":{"emulator":{"name":"functions"},"message":"[functions] Got req.url=/igb-fonetica/us-central1/api/gazeta, mapping to path=/gazeta"}}
[debug] [2022-09-05T17:34:35.971Z] [runtime-status] [51189] Ephemeral server handling POST request {"metadata":{"emulator":{"name":"functions"},"function":{"name":"us-central1-api"},"extension":{},"message":"[runtime-status] [51189] Ephemeral server handling POST request"}}
[info] >  ReferenceError: formatedData is not defined {"user":"ReferenceError: formatedData is not defined","metadata":{"emulator":{"name":"functions"},"function":{"name":"us-central1-api"},"extension":{},"message":"\u001b[90m> \u001b[39m ReferenceError: formatedData is not defined"}}
[info] >      at exports.postManyBrands (/Users/pierrecampoverde/projects/IGB/backend/functions/src/API/brands.js:149:7) {"user":"    at exports.postManyBrands (/Users/pierrecampoverde/projects/IGB/backend/functions/src/API/brands.js:149:7)","metadata":{"emulator":{"name":"functions"},"function":{"name":"us-central1-api"},"extension":{},"message":"\u001b[90m> \u001b[39m     at exports.postManyBrands (/Users/pierrecampoverde/projects/IGB/backend/functions/src/API/brands.js:149:7)"}}
[info] >      at Layer.handle [as handle_request] (/Users/pierrecampoverde/projects/IGB/backend/functions/node_modules/express/lib/router/layer.js:95:5) {"user":"    at Layer.handle [as handle_request] (/Users/pierrecampoverde/projects/IGB/backend/functions/node_modules/express/lib/router/layer.js:95:5)","metadata":{"emulator":{"name":"functions"},"function":{"name":"us-central1-api"},"extension":{},"message":"\u001b[90m> \u001b[39m     at Layer.handle [as handle_request] (/Users/pierrecampoverde/projects/IGB/backend/functions/node_modules/express/lib/router/layer.js:95:5)"}}
[info] >      at next (/Users/pierrecampoverde/projects/IGB/backend/functions/node_modules/express/lib/router/route.js:144:13) {"user":"    at next (/Users/pierrecampoverde/projects/IGB/backend/functions/node_modules/express/lib/router/route.js:144:13)","metadata":{"emulator":{"name":"functions"},"function":{"name":"us-central1-api"},"extension":{},"message":"\u001b[90m> \u001b[39m     at next (/Users/pierrecampoverde/projects/IGB/backend/functions/node_modules/express/lib/router/route.js:144:13)"}}
[info] >      at Route.dispatch (/Users/pierrecampoverde/projects/IGB/backend/functions/node_modules/express/lib/router/route.js:114:3) {"user":"    at Route.dispatch (/Users/pierrecampoverde/projects/IGB/backend/functions/node_modules/express/lib/router/route.js:114:3)","metadata":{"emulator":{"name":"functions"},"function":{"name":"us-central1-api"},"extension":{},"message":"\u001b[90m> \u001b[39m     at Route.dispatch (/Users/pierrecampoverde/projects/IGB/backend/functions/node_modules/express/lib/router/route.js:114:3)"}}
[info] >      at Layer.handle [as handle_request] (/Users/pierrecampoverde/projects/IGB/backend/functions/node_modules/express/lib/router/layer.js:95:5) {"user":"    at Layer.handle [as handle_request] (/Users/pierrecampoverde/projects/IGB/backend/functions/node_modules/express/lib/router/layer.js:95:5)","metadata":{"emulator":{"name":"functions"},"function":{"name":"us-central1-api"},"extension":{},"message":"\u001b[90m> \u001b[39m     at Layer.handle [as handle_request] (/Users/pierrecampoverde/projects/IGB/backend/functions/node_modules/express/lib/router/layer.js:95:5)"}}
[info] >      at /Users/pierrecampoverde/projects/IGB/backend/functions/node_modules/express/lib/router/index.js:284:15 {"user":"    at /Users/pierrecampoverde/projects/IGB/backend/functions/node_modules/express/lib/router/index.js:284:15","metadata":{"emulator":{"name":"functions"},"function":{"name":"us-central1-api"},"extension":{},"message":"\u001b[90m> \u001b[39m     at /Users/pierrecampoverde/projects/IGB/backend/functions/node_modules/express/lib/router/index.js:284:15"}}
[info] >      at Function.process_params (/Users/pierrecampoverde/projects/IGB/backend/functions/node_modules/express/lib/router/index.js:346:12) {"user":"    at Function.process_params (/Users/pierrecampoverde/projects/IGB/backend/functions/node_modules/express/lib/router/index.js:346:12)","metadata":{"emulator":{"name":"functions"},"function":{"name":"us-central1-api"},"extension":{},"message":"\u001b[90m> \u001b[39m     at Function.process_params (/Users/pierrecampoverde/projects/IGB/backend/functions/node_modules/express/lib/router/index.js:346:12)"}}
[info] >      at next (/Users/pierrecampoverde/projects/IGB/backend/functions/node_modules/express/lib/router/index.js:280:10) {"user":"    at next (/Users/pierrecampoverde/projects/IGB/backend/functions/node_modules/express/lib/router/index.js:280:10)","metadata":{"emulator":{"name":"functions"},"function":{"name":"us-central1-api"},"extension":{},"message":"\u001b[90m> \u001b[39m     at next (/Users/pierrecampoverde/projects/IGB/backend/functions/node_modules/express/lib/router/index.js:280:10)"}}
[info] >      at cors (/Users/pierrecampoverde/projects/IGB/backend/functions/node_modules/cors/lib/index.js:188:7) {"user":"    at cors (/Users/pierrecampoverde/projects/IGB/backend/functions/node_modules/cors/lib/index.js:188:7)","metadata":{"emulator":{"name":"functions"},"function":{"name":"us-central1-api"},"extension":{},"message":"\u001b[90m> \u001b[39m     at cors (/Users/pierrecampoverde/projects/IGB/backend/functions/node_modules/cors/lib/index.js:188:7)"}}
[info] >      at /Users/pierrecampoverde/projects/IGB/backend/functions/node_modules/cors/lib/index.js:224:17 {"user":"    at /Users/pierrecampoverde/projects/IGB/backend/functions/node_modules/cors/lib/index.js:224:17","metadata":{"emulator":{"name":"functions"},"function":{"name":"us-central1-api"},"extension":{},"message":"\u001b[90m> \u001b[39m     at /Users/pierrecampoverde/projects/IGB/backend/functions/node_modules/cors/lib/index.js:224:17"}}
[debug] [2022-09-05T17:34:35.975Z] [runtime-status] [51189] Ephemeral server survived. {"metadata":{"emulator":{"name":"functions"},"function":{"name":"us-central1-api"},"extension":{},"message":"[runtime-status] [51189] Ephemeral server survived."}}
[info] i  functions: Finished "api" in ~1s {"metadata":{"emulator":{"name":"functions"},"function":{"name":"us-central1-api"},"extension":{},"message":"Finished \"api\" in ~1s"}}
[debug] [2022-09-05T17:34:35.975Z] [worker-us-central1-api-7d72045a-e6f4-4c74-8ea4-801e4c0427c3]: IDLE {"metadata":{"emulator":{"name":"functions"},"message":"[worker-us-central1-api-7d72045a-e6f4-4c74-8ea4-801e4c0427c3]: IDLE"}}
[debug] [2022-09-05T17:34:35.975Z] [work-queue] {"queueLength":0,"workRunningCount":0}
[debug] [2022-09-05T17:34:57.224Z] File /Users/pierrecampoverde/projects/IGB/backend/functions/src/API/brands.js changed, reloading triggers {"metadata":{"emulator":{"name":"functions"},"message":"File /Users/pierrecampoverde/projects/IGB/backend/functions/src/API/brands.js changed, reloading triggers"}}
[debug] [2022-09-05T17:34:58.235Z] Validating nodejs source
[warn] ⚠  functions: package.json indicates an outdated version of firebase-functions. Please upgrade using npm install --save firebase-functions@latest in your functions directory. 
[debug] [2022-09-05T17:34:58.912Z] > [functions] package.json contents: {
  "name": "functions",
  "description": "Cloud Functions for Firebase",
  "scripts": {
    "serve": "firebase emulators:start --only functions",
    "shell": "firebase functions:shell",
    "start": "npm run shell",
    "deploy": "firebase deploy --only functions",
    "logs": "firebase functions:log"
  },
  "engines": {
    "node": "16"
  },
  "main": "index.js",
  "dependencies": {
    "algoliasearch": "^4.14.2",
    "cookie-parser": "^1.4.6",
    "cors": "^2.8.5",
    "express": "^4.18.1",
    "firebase": "^9.9.3",
    "firebase-admin": "^10.0.2",
    "firebase-functions": "^3.18.0",
    "stream-json": "^1.7.4"
  },
  "devDependencies": {
    "firebase-functions-test": "^0.2.0"
  },
  "private": true
}
[debug] [2022-09-05T17:34:58.913Z] Building nodejs source
[debug] [2022-09-05T17:34:58.913Z] Analyzing nodejs backend spec
[debug] [2022-09-05T17:34:58.913Z] Could not find functions.yaml. Must use http discovery
[debug] [2022-09-05T17:34:59.015Z] Serving at port 9005

[debug] [2022-09-05T17:34:59.104Z] Got response from /__/functions.yaml {"endpoints":{"api":{"platform":"gcfv1","httpsTrigger":{},"entryPoint":"api"}},"specVersion":"v1alpha1","requiredAPIs":[]}
[debug] [2022-09-05T17:34:59.108Z] shutdown requested via /__/quitquitquit

[info] ✔  functions: Loaded functions definitions from source: api. {"metadata":{"emulator":{"name":"functions"},"message":"Loaded functions definitions from source: api."}}
[debug] [2022-09-05T17:34:59.118Z] [worker-pool] Shutting down IDLE worker (us-central1-api) {"metadata":{"emulator":{"name":"functions"},"message":"[worker-pool] Shutting down IDLE worker (us-central1-api)"}}
[debug] [2022-09-05T17:34:59.118Z] [worker-us-central1-api-7d72045a-e6f4-4c74-8ea4-801e4c0427c3]: FINISHING {"metadata":{"emulator":{"name":"functions"},"message":"[worker-us-central1-api-7d72045a-e6f4-4c74-8ea4-801e4c0427c3]: FINISHING"}}
[debug] [2022-09-05T17:34:59.124Z] [worker-us-central1-api-7d72045a-e6f4-4c74-8ea4-801e4c0427c3]: exited {"metadata":{"emulator":{"name":"functions"},"message":"[worker-us-central1-api-7d72045a-e6f4-4c74-8ea4-801e4c0427c3]: exited"}}
[debug] [2022-09-05T17:34:59.124Z] [worker-us-central1-api-7d72045a-e6f4-4c74-8ea4-801e4c0427c3]: FINISHED {"metadata":{"emulator":{"name":"functions"},"message":"[worker-us-central1-api-7d72045a-e6f4-4c74-8ea4-801e4c0427c3]: FINISHED"}}
[debug] [2022-09-05T17:35:13.360Z] [work-queue] {"queueLength":1,"workRunningCount":0}
[debug] [2022-09-05T17:35:13.361Z] [work-queue] {"queueLength":0,"workRunningCount":1}
[debug] [2022-09-05T17:35:13.361Z] Accepted request OPTIONS /igb-fonetica/us-central1/api/gazeta --> us-central1-api
[debug] [2022-09-05T17:35:13.361Z] [worker-pool] Cleaned up workers for us-central1-api: 1 --> 0 {"metadata":{"emulator":{"name":"functions"},"message":"[worker-pool] Cleaned up workers for us-central1-api: 1 --> 0"}}
[debug] [2022-09-05T17:35:13.370Z] [worker-pool] addWorker(us-central1-api) {"metadata":{"emulator":{"name":"functions"},"message":"[worker-pool] addWorker(us-central1-api)"}}
[debug] [2022-09-05T17:35:13.370Z] [worker-pool] Adding worker with key us-central1-api, total=1 {"metadata":{"emulator":{"name":"functions"},"message":"[worker-pool] Adding worker with key us-central1-api, total=1"}}
[debug] [2022-09-05T17:35:13.370Z] [worker-pool] submitWork(triggerId=us-central1-api) {"metadata":{"emulator":{"name":"functions"},"message":"[worker-pool] submitWork(triggerId=us-central1-api)"}}
[debug] [2022-09-05T17:35:13.371Z] [worker-us-central1-api-c76bbaf7-73f8-4db1-8432-e9859cdb53ac]: BUSY {"metadata":{"emulator":{"name":"functions"},"message":"[worker-us-central1-api-c76bbaf7-73f8-4db1-8432-e9859cdb53ac]: BUSY"}}
[debug] [2022-09-05T17:35:13.983Z] [runtime-status] [51209] Resolved module firebase-admin {"declared":true,"installed":true,"version":"10.3.0","resolution":"/Users/pierrecampoverde/projects/IGB/backend/functions/node_modules/firebase-admin/lib/index.js"} {"metadata":{"emulator":{"name":"functions"},"function":{"name":"us-central1-api"},"extension":{},"message":"[runtime-status] [51209] Resolved module firebase-admin {\"declared\":true,\"installed\":true,\"version\":\"10.3.0\",\"resolution\":\"/Users/pierrecampoverde/projects/IGB/backend/functions/node_modules/firebase-admin/lib/index.js\"}"}}
[debug] [2022-09-05T17:35:13.983Z] [runtime-status] [51209] Resolved module firebase-functions {"declared":true,"installed":true,"version":"3.22.0","resolution":"/Users/pierrecampoverde/projects/IGB/backend/functions/node_modules/firebase-functions/lib/index.js"} {"metadata":{"emulator":{"name":"functions"},"function":{"name":"us-central1-api"},"extension":{},"message":"[runtime-status] [51209] Resolved module firebase-functions {\"declared\":true,\"installed\":true,\"version\":\"3.22.0\",\"resolution\":\"/Users/pierrecampoverde/projects/IGB/backend/functions/node_modules/firebase-functions/lib/index.js\"}"}}
[debug] [2022-09-05T17:35:13.984Z] [runtime-status] [51209] Outgoing network have been stubbed. [{"name":"http","status":"mocked"},{"name":"http","status":"mocked"},{"name":"https","status":"mocked"},{"name":"https","status":"mocked"},{"name":"net","status":"mocked"}] {"metadata":{"emulator":{"name":"functions"},"function":{"name":"us-central1-api"},"extension":{},"message":"[runtime-status] [51209] Outgoing network have been stubbed. [{\"name\":\"http\",\"status\":\"mocked\"},{\"name\":\"http\",\"status\":\"mocked\"},{\"name\":\"https\",\"status\":\"mocked\"},{\"name\":\"https\",\"status\":\"mocked\"},{\"name\":\"net\",\"status\":\"mocked\"}]"}}
[debug] [2022-09-05T17:35:13.984Z] [runtime-status] [51209] Resolved module firebase-functions {"declared":true,"installed":true,"version":"3.22.0","resolution":"/Users/pierrecampoverde/projects/IGB/backend/functions/node_modules/firebase-functions/lib/index.js"} {"metadata":{"emulator":{"name":"functions"},"function":{"name":"us-central1-api"},"extension":{},"message":"[runtime-status] [51209] Resolved module firebase-functions {\"declared\":true,\"installed\":true,\"version\":\"3.22.0\",\"resolution\":\"/Users/pierrecampoverde/projects/IGB/backend/functions/node_modules/firebase-functions/lib/index.js\"}"}}
[debug] [2022-09-05T17:35:14.006Z] [runtime-status] [51209] Checked functions.config() {"config":{}} {"metadata":{"emulator":{"name":"functions"},"function":{"name":"us-central1-api"},"extension":{},"message":"[runtime-status] [51209] Checked functions.config() {\"config\":{}}"}}
[debug] [2022-09-05T17:35:14.006Z] [runtime-status] [51209] firebase-functions has been stubbed. {"functionsResolution":{"declared":true,"installed":true,"version":"3.22.0","resolution":"/Users/pierrecampoverde/projects/IGB/backend/functions/node_modules/firebase-functions/lib/index.js"}} {"metadata":{"emulator":{"name":"functions"},"function":{"name":"us-central1-api"},"extension":{},"message":"[runtime-status] [51209] firebase-functions has been stubbed. {\"functionsResolution\":{\"declared\":true,\"installed\":true,\"version\":\"3.22.0\",\"resolution\":\"/Users/pierrecampoverde/projects/IGB/backend/functions/node_modules/firebase-functions/lib/index.js\"}}"}}
[debug] [2022-09-05T17:35:14.007Z] [runtime-status] [51209] Resolved module firebase-functions {"declared":true,"installed":true,"version":"3.22.0","resolution":"/Users/pierrecampoverde/projects/IGB/backend/functions/node_modules/firebase-functions/lib/index.js"} {"metadata":{"emulator":{"name":"functions"},"function":{"name":"us-central1-api"},"extension":{},"message":"[runtime-status] [51209] Resolved module firebase-functions {\"declared\":true,\"installed\":true,\"version\":\"3.22.0\",\"resolution\":\"/Users/pierrecampoverde/projects/IGB/backend/functions/node_modules/firebase-functions/lib/index.js\"}"}}
[debug] [2022-09-05T17:35:14.007Z] [runtime-status] [51209] Resolved module firebase-admin {"declared":true,"installed":true,"version":"10.3.0","resolution":"/Users/pierrecampoverde/projects/IGB/backend/functions/node_modules/firebase-admin/lib/index.js"} {"metadata":{"emulator":{"name":"functions"},"function":{"name":"us-central1-api"},"extension":{},"message":"[runtime-status] [51209] Resolved module firebase-admin {\"declared\":true,\"installed\":true,\"version\":\"10.3.0\",\"resolution\":\"/Users/pierrecampoverde/projects/IGB/backend/functions/node_modules/firebase-admin/lib/index.js\"}"}}
[debug] [2022-09-05T17:35:14.007Z] [runtime-status] [51209] Resolved module firebase-functions {"declared":true,"installed":true,"version":"3.22.0","resolution":"/Users/pierrecampoverde/projects/IGB/backend/functions/node_modules/firebase-functions/lib/index.js"} {"metadata":{"emulator":{"name":"functions"},"function":{"name":"us-central1-api"},"extension":{},"message":"[runtime-status] [51209] Resolved module firebase-functions {\"declared\":true,\"installed\":true,\"version\":\"3.22.0\",\"resolution\":\"/Users/pierrecampoverde/projects/IGB/backend/functions/node_modules/firebase-functions/lib/index.js\"}"}}
[debug] [2022-09-05T17:35:14.007Z] [runtime-status] [51209] firebase-admin has been stubbed. {"adminResolution":{"declared":true,"installed":true,"version":"10.3.0","resolution":"/Users/pierrecampoverde/projects/IGB/backend/functions/node_modules/firebase-admin/lib/index.js"}} {"metadata":{"emulator":{"name":"functions"},"function":{"name":"us-central1-api"},"extension":{},"message":"[runtime-status] [51209] firebase-admin has been stubbed. {\"adminResolution\":{\"declared\":true,\"installed\":true,\"version\":\"10.3.0\",\"resolution\":\"/Users/pierrecampoverde/projects/IGB/backend/functions/node_modules/firebase-admin/lib/index.js\"}}"}}
[debug] [2022-09-05T17:35:14.007Z] [runtime-status] [51209] Functions runtime initialized. {"cwd":"/Users/pierrecampoverde/projects/IGB/backend/functions","node_version":"16.13.1"} {"metadata":{"emulator":{"name":"functions"},"function":{"name":"us-central1-api"},"extension":{},"message":"[runtime-status] [51209] Functions runtime initialized. {\"cwd\":\"/Users/pierrecampoverde/projects/IGB/backend/functions\",\"node_version\":\"16.13.1\"}"}}
[debug] [2022-09-05T17:35:14.055Z] [runtime-status] [51209] initializeApp(DEFAULT) {"storageBucket":"igb-fonetica.appspot.com","projectId":"igb-fonetica"} {"metadata":{"emulator":{"name":"functions"},"function":{"name":"us-central1-api"},"extension":{},"message":"[runtime-status] [51209] initializeApp(DEFAULT) {\"storageBucket\":\"igb-fonetica.appspot.com\",\"projectId\":\"igb-fonetica\"}"}}
[debug] [2022-09-05T17:35:14.098Z] [runtime-status] [51209] Beginning invocation function api! {"metadata":{"emulator":{"name":"functions"},"function":{"name":"us-central1-api"},"extension":{},"message":"[runtime-status] [51209] Beginning invocation function api!"}}
[info] i  functions: Beginning execution of "api" {"metadata":{"emulator":{"name":"functions"},"function":{"name":"us-central1-api"},"extension":{},"message":"Beginning execution of \"api\""}}
[debug] [2022-09-05T17:35:14.098Z] [runtime-status] [51209] Running api in signature http {"metadata":{"emulator":{"name":"functions"},"function":{"name":"us-central1-api"},"extension":{},"message":"[runtime-status] [51209] Running api in signature http"}}
[debug] [2022-09-05T17:35:14.101Z] [runtime-status] [51209] Listening to port: /var/folders/q4/6lvlk67j66j7k221yfxsm4b80000gn/T/fire_emu_aff88e69882bb7a3.sock {"metadata":{"emulator":{"name":"functions"},"function":{"name":"us-central1-api"},"extension":{},"message":"[runtime-status] [51209] Listening to port: /var/folders/q4/6lvlk67j66j7k221yfxsm4b80000gn/T/fire_emu_aff88e69882bb7a3.sock"}}
[debug] [2022-09-05T17:35:14.191Z] [functions] Runtime ready! Sending request! {"metadata":{"emulator":{"name":"functions"},"message":"[functions] Runtime ready! Sending request!"}}
[debug] [2022-09-05T17:35:14.191Z] [functions] Got req.url=/igb-fonetica/us-central1/api/gazeta, mapping to path=/gazeta {"metadata":{"emulator":{"name":"functions"},"message":"[functions] Got req.url=/igb-fonetica/us-central1/api/gazeta, mapping to path=/gazeta"}}
[debug] [2022-09-05T17:35:14.194Z] [runtime-status] [51209] Ephemeral server handling OPTIONS request {"metadata":{"emulator":{"name":"functions"},"function":{"name":"us-central1-api"},"extension":{},"message":"[runtime-status] [51209] Ephemeral server handling OPTIONS request"}}
[debug] [2022-09-05T17:35:14.194Z] [runtime-status] [51209] Ephemeral server survived. {"metadata":{"emulator":{"name":"functions"},"function":{"name":"us-central1-api"},"extension":{},"message":"[runtime-status] [51209] Ephemeral server survived."}}
[info] i  functions: Finished "api" in ~1s {"metadata":{"emulator":{"name":"functions"},"function":{"name":"us-central1-api"},"extension":{},"message":"Finished \"api\" in ~1s"}}
[debug] [2022-09-05T17:35:14.195Z] [worker-us-central1-api-c76bbaf7-73f8-4db1-8432-e9859cdb53ac]: IDLE {"metadata":{"emulator":{"name":"functions"},"message":"[worker-us-central1-api-c76bbaf7-73f8-4db1-8432-e9859cdb53ac]: IDLE"}}
[debug] [2022-09-05T17:35:14.195Z] [work-queue] {"queueLength":0,"workRunningCount":0}
[debug] [2022-09-05T17:35:14.198Z] [work-queue] {"queueLength":1,"workRunningCount":0}
[debug] [2022-09-05T17:35:14.198Z] [work-queue] {"queueLength":0,"workRunningCount":1}
[debug] [2022-09-05T17:35:14.198Z] Accepted request POST /igb-fonetica/us-central1/api/gazeta --> us-central1-api
[debug] [2022-09-05T17:35:14.198Z] [worker-pool] submitWork(triggerId=us-central1-api) {"metadata":{"emulator":{"name":"functions"},"message":"[worker-pool] submitWork(triggerId=us-central1-api)"}}
[debug] [2022-09-05T17:35:14.198Z] [worker-us-central1-api-c76bbaf7-73f8-4db1-8432-e9859cdb53ac]: BUSY {"metadata":{"emulator":{"name":"functions"},"message":"[worker-us-central1-api-c76bbaf7-73f8-4db1-8432-e9859cdb53ac]: BUSY"}}
[debug] [2022-09-05T17:35:14.206Z] [runtime-status] [51209] Beginning invocation function api! {"metadata":{"emulator":{"name":"functions"},"function":{"name":"us-central1-api"},"extension":{},"message":"[runtime-status] [51209] Beginning invocation function api!"}}
[info] i  functions: Beginning execution of "api" {"metadata":{"emulator":{"name":"functions"},"function":{"name":"us-central1-api"},"extension":{},"message":"Beginning execution of \"api\""}}
[debug] [2022-09-05T17:35:14.206Z] [runtime-status] [51209] Running api in signature http {"metadata":{"emulator":{"name":"functions"},"function":{"name":"us-central1-api"},"extension":{},"message":"[runtime-status] [51209] Running api in signature http"}}
[debug] [2022-09-05T17:35:14.207Z] [runtime-status] [51209] Listening to port: /var/folders/q4/6lvlk67j66j7k221yfxsm4b80000gn/T/fire_emu_aff88e69882bb7a3.sock {"metadata":{"emulator":{"name":"functions"},"function":{"name":"us-central1-api"},"extension":{},"message":"[runtime-status] [51209] Listening to port: /var/folders/q4/6lvlk67j66j7k221yfxsm4b80000gn/T/fire_emu_aff88e69882bb7a3.sock"}}
[debug] [2022-09-05T17:35:14.300Z] [functions] Runtime ready! Sending request! {"metadata":{"emulator":{"name":"functions"},"message":"[functions] Runtime ready! Sending request!"}}
[debug] [2022-09-05T17:35:14.301Z] [functions] Got req.url=/igb-fonetica/us-central1/api/gazeta, mapping to path=/gazeta {"metadata":{"emulator":{"name":"functions"},"message":"[functions] Got req.url=/igb-fonetica/us-central1/api/gazeta, mapping to path=/gazeta"}}
[debug] [2022-09-05T17:35:14.308Z] [runtime-status] [51209] Ephemeral server handling POST request {"metadata":{"emulator":{"name":"functions"},"function":{"name":"us-central1-api"},"extension":{},"message":"[runtime-status] [51209] Ephemeral server handling POST request"}}
[debug] [2022-09-05T17:35:14.533Z] [runtime-status] [51209] Ephemeral server survived. {"metadata":{"emulator":{"name":"functions"},"function":{"name":"us-central1-api"},"extension":{},"message":"[runtime-status] [51209] Ephemeral server survived."}}
[info] i  functions: Finished "api" in ~1s {"metadata":{"emulator":{"name":"functions"},"function":{"name":"us-central1-api"},"extension":{},"message":"Finished \"api\" in ~1s"}}
[debug] [2022-09-05T17:35:14.551Z] [worker-us-central1-api-c76bbaf7-73f8-4db1-8432-e9859cdb53ac]: IDLE {"metadata":{"emulator":{"name":"functions"},"message":"[worker-us-central1-api-c76bbaf7-73f8-4db1-8432-e9859cdb53ac]: IDLE"}}
[debug] [2022-09-05T17:35:14.551Z] [work-queue] {"queueLength":0,"workRunningCount":0}
[warn] ⚠  Google API requested!
   - URL: "https://oauth2.googleapis.com/token"
   - Be careful, this may be a production service. {"metadata":{"emulator":{"name":"functions"},"function":{"name":"us-central1-api"},"extension":{},"message":"Google API requested!\n   - URL: \"https://oauth2.googleapis.com/token\"\n   - Be careful, this may be a production service."}}
[debug] [2022-09-05T17:35:49.192Z] [work-queue] {"queueLength":1,"workRunningCount":0}
[debug] [2022-09-05T17:35:49.193Z] [work-queue] {"queueLength":0,"workRunningCount":1}
[debug] [2022-09-05T17:35:49.193Z] Accepted request OPTIONS /igb-fonetica/us-central1/api/gazeta --> us-central1-api
[debug] [2022-09-05T17:35:49.194Z] [worker-pool] submitWork(triggerId=us-central1-api) {"metadata":{"emulator":{"name":"functions"},"message":"[worker-pool] submitWork(triggerId=us-central1-api)"}}
[debug] [2022-09-05T17:35:49.194Z] [worker-us-central1-api-c76bbaf7-73f8-4db1-8432-e9859cdb53ac]: BUSY {"metadata":{"emulator":{"name":"functions"},"message":"[worker-us-central1-api-c76bbaf7-73f8-4db1-8432-e9859cdb53ac]: BUSY"}}
[debug] [2022-09-05T17:35:49.204Z] [runtime-status] [51209] Beginning invocation function api! {"metadata":{"emulator":{"name":"functions"},"function":{"name":"us-central1-api"},"extension":{},"message":"[runtime-status] [51209] Beginning invocation function api!"}}
[info] i  functions: Beginning execution of "api" {"metadata":{"emulator":{"name":"functions"},"function":{"name":"us-central1-api"},"extension":{},"message":"Beginning execution of \"api\""}}
[debug] [2022-09-05T17:35:49.206Z] [runtime-status] [51209] Running api in signature http {"metadata":{"emulator":{"name":"functions"},"function":{"name":"us-central1-api"},"extension":{},"message":"[runtime-status] [51209] Running api in signature http"}}
[debug] [2022-09-05T17:35:49.214Z] [runtime-status] [51209] Listening to port: /var/folders/q4/6lvlk67j66j7k221yfxsm4b80000gn/T/fire_emu_aff88e69882bb7a3.sock {"metadata":{"emulator":{"name":"functions"},"function":{"name":"us-central1-api"},"extension":{},"message":"[runtime-status] [51209] Listening to port: /var/folders/q4/6lvlk67j66j7k221yfxsm4b80000gn/T/fire_emu_aff88e69882bb7a3.sock"}}
[debug] [2022-09-05T17:35:49.328Z] [functions] Runtime ready! Sending request! {"metadata":{"emulator":{"name":"functions"},"message":"[functions] Runtime ready! Sending request!"}}
[debug] [2022-09-05T17:35:49.328Z] [functions] Got req.url=/igb-fonetica/us-central1/api/gazeta, mapping to path=/gazeta {"metadata":{"emulator":{"name":"functions"},"message":"[functions] Got req.url=/igb-fonetica/us-central1/api/gazeta, mapping to path=/gazeta"}}
[debug] [2022-09-05T17:35:49.330Z] [runtime-status] [51209] Ephemeral server handling OPTIONS request {"metadata":{"emulator":{"name":"functions"},"function":{"name":"us-central1-api"},"extension":{},"message":"[runtime-status] [51209] Ephemeral server handling OPTIONS request"}}
[debug] [2022-09-05T17:35:49.332Z] [runtime-status] [51209] Ephemeral server survived. {"metadata":{"emulator":{"name":"functions"},"function":{"name":"us-central1-api"},"extension":{},"message":"[runtime-status] [51209] Ephemeral server survived."}}
[info] i  functions: Finished "api" in ~1s {"metadata":{"emulator":{"name":"functions"},"function":{"name":"us-central1-api"},"extension":{},"message":"Finished \"api\" in ~1s"}}
[debug] [2022-09-05T17:35:49.332Z] [worker-us-central1-api-c76bbaf7-73f8-4db1-8432-e9859cdb53ac]: IDLE {"metadata":{"emulator":{"name":"functions"},"message":"[worker-us-central1-api-c76bbaf7-73f8-4db1-8432-e9859cdb53ac]: IDLE"}}
[debug] [2022-09-05T17:35:49.332Z] [work-queue] {"queueLength":0,"workRunningCount":0}
[debug] [2022-09-05T17:35:49.336Z] [work-queue] {"queueLength":1,"workRunningCount":0}
[debug] [2022-09-05T17:35:49.336Z] [work-queue] {"queueLength":0,"workRunningCount":1}
[debug] [2022-09-05T17:35:49.336Z] Accepted request POST /igb-fonetica/us-central1/api/gazeta --> us-central1-api
[debug] [2022-09-05T17:35:49.336Z] [worker-pool] submitWork(triggerId=us-central1-api) {"metadata":{"emulator":{"name":"functions"},"message":"[worker-pool] submitWork(triggerId=us-central1-api)"}}
[debug] [2022-09-05T17:35:49.336Z] [worker-us-central1-api-c76bbaf7-73f8-4db1-8432-e9859cdb53ac]: BUSY {"metadata":{"emulator":{"name":"functions"},"message":"[worker-us-central1-api-c76bbaf7-73f8-4db1-8432-e9859cdb53ac]: BUSY"}}
[debug] [2022-09-05T17:35:49.343Z] [runtime-status] [51209] Beginning invocation function api! {"metadata":{"emulator":{"name":"functions"},"function":{"name":"us-central1-api"},"extension":{},"message":"[runtime-status] [51209] Beginning invocation function api!"}}
[info] i  functions: Beginning execution of "api" {"metadata":{"emulator":{"name":"functions"},"function":{"name":"us-central1-api"},"extension":{},"message":"Beginning execution of \"api\""}}
[debug] [2022-09-05T17:35:49.344Z] [runtime-status] [51209] Running api in signature http {"metadata":{"emulator":{"name":"functions"},"function":{"name":"us-central1-api"},"extension":{},"message":"[runtime-status] [51209] Running api in signature http"}}
[debug] [2022-09-05T17:35:49.344Z] [runtime-status] [51209] Listening to port: /var/folders/q4/6lvlk67j66j7k221yfxsm4b80000gn/T/fire_emu_aff88e69882bb7a3.sock {"metadata":{"emulator":{"name":"functions"},"function":{"name":"us-central1-api"},"extension":{},"message":"[runtime-status] [51209] Listening to port: /var/folders/q4/6lvlk67j66j7k221yfxsm4b80000gn/T/fire_emu_aff88e69882bb7a3.sock"}}
[debug] [2022-09-05T17:35:49.454Z] [functions] Runtime ready! Sending request! {"metadata":{"emulator":{"name":"functions"},"message":"[functions] Runtime ready! Sending request!"}}
[debug] [2022-09-05T17:35:49.454Z] [functions] Got req.url=/igb-fonetica/us-central1/api/gazeta, mapping to path=/gazeta {"metadata":{"emulator":{"name":"functions"},"message":"[functions] Got req.url=/igb-fonetica/us-central1/api/gazeta, mapping to path=/gazeta"}}
[debug] [2022-09-05T17:35:49.466Z] [runtime-status] [51209] Ephemeral server handling POST request {"metadata":{"emulator":{"name":"functions"},"function":{"name":"us-central1-api"},"extension":{},"message":"[runtime-status] [51209] Ephemeral server handling POST request"}}
[debug] [2022-09-05T17:35:49.534Z] [runtime-status] [51209] Ephemeral server survived. {"metadata":{"emulator":{"name":"functions"},"function":{"name":"us-central1-api"},"extension":{},"message":"[runtime-status] [51209] Ephemeral server survived."}}
[info] i  functions: Finished "api" in ~1s {"metadata":{"emulator":{"name":"functions"},"function":{"name":"us-central1-api"},"extension":{},"message":"Finished \"api\" in ~1s"}}
[debug] [2022-09-05T17:35:49.579Z] [worker-us-central1-api-c76bbaf7-73f8-4db1-8432-e9859cdb53ac]: IDLE {"metadata":{"emulator":{"name":"functions"},"message":"[worker-us-central1-api-c76bbaf7-73f8-4db1-8432-e9859cdb53ac]: IDLE"}}
[debug] [2022-09-05T17:35:49.580Z] [work-queue] {"queueLength":0,"workRunningCount":0}
[debug] [2022-10-14T21:12:56.744Z] ----------------------------------------------------------------------
[debug] [2022-10-14T21:12:56.745Z] Command:       /usr/local/bin/node /usr/local/bin/firebase serve -p 5001
[debug] [2022-10-14T21:12:56.746Z] CLI Version:   11.7.0
[debug] [2022-10-14T21:12:56.746Z] Platform:      darwin
[debug] [2022-10-14T21:12:56.746Z] Node Version:  v16.13.1
[debug] [2022-10-14T21:12:56.747Z] Time:          Fri Oct 14 2022 18:12:56 GMT-0300 (Argentina Standard Time)
[debug] [2022-10-14T21:12:56.747Z] ----------------------------------------------------------------------
[debug] 
[debug] [2022-10-14T21:12:56.801Z] > command requires scopes: ["email","openid","https://www.googleapis.com/auth/cloudplatformprojects.readonly","https://www.googleapis.com/auth/firebase","https://www.googleapis.com/auth/cloud-platform"]
[debug] [2022-10-14T21:12:56.801Z] > authorizing via signed-in user (jpcamverde9801@gmail.com)
[debug] [2022-10-14T21:12:56.801Z] [iam] checking project igb-fonetica for permissions ["firebase.projects.get"]
[debug] [2022-10-14T21:12:56.803Z] >>> [apiv2][query] POST https://cloudresourcemanager.googleapis.com/v1/projects/igb-fonetica:testIamPermissions [none]
[debug] [2022-10-14T21:12:56.803Z] >>> [apiv2][(partial)header] POST https://cloudresourcemanager.googleapis.com/v1/projects/igb-fonetica:testIamPermissions x-goog-quota-user=projects/igb-fonetica
[debug] [2022-10-14T21:12:56.803Z] >>> [apiv2][body] POST https://cloudresourcemanager.googleapis.com/v1/projects/igb-fonetica:testIamPermissions {"permissions":["firebase.projects.get"]}
[debug] [2022-10-14T21:12:57.775Z] <<< [apiv2][status] POST https://cloudresourcemanager.googleapis.com/v1/projects/igb-fonetica:testIamPermissions 200
[debug] [2022-10-14T21:12:57.776Z] <<< [apiv2][body] POST https://cloudresourcemanager.googleapis.com/v1/projects/igb-fonetica:testIamPermissions {"permissions":["firebase.projects.get"]}
[debug] [2022-10-14T21:12:57.777Z] >>> [apiv2][query] GET https://firebase.googleapis.com/v1beta1/projects/igb-fonetica [none]
[debug] [2022-10-14T21:12:58.209Z] <<< [apiv2][status] GET https://firebase.googleapis.com/v1beta1/projects/igb-fonetica 200
[debug] [2022-10-14T21:12:58.210Z] <<< [apiv2][body] GET https://firebase.googleapis.com/v1beta1/projects/igb-fonetica {"projectId":"igb-fonetica","projectNumber":"633879905803","displayName":"iGB-fonetica","name":"projects/igb-fonetica","resources":{"hostingSite":"igb-fonetica","storageBucket":"igb-fonetica.appspot.com","locationId":"us-central"},"state":"ACTIVE","etag":"1_40273588-7862-4da6-bfe2-dbab01360c58"}
[info] 
[info] === Serving from '/Users/pierrecampoverde/projects/IGB/backend'...
[info] 
[info] ✔  functions: Using node@16 from host. {"metadata":{"emulator":{"name":"functions"},"message":"Using node@16 from host."}}
[debug] [2022-10-14T21:12:58.230Z] defaultcredentials: writing to file /Users/pierrecampoverde/.config/firebase/jpcamverde9801_gmail_com_application_default_credentials.json
[debug] [2022-10-14T21:12:58.231Z] Setting GAC to /Users/pierrecampoverde/.config/firebase/jpcamverde9801_gmail_com_application_default_credentials.json {"metadata":{"emulator":{"name":"functions"},"message":"Setting GAC to /Users/pierrecampoverde/.config/firebase/jpcamverde9801_gmail_com_application_default_credentials.json"}}
[debug] [2022-10-14T21:12:58.232Z] >>> [apiv2][query] GET https://firebase.googleapis.com/v1beta1/projects/igb-fonetica/adminSdkConfig [none]
[debug] [2022-10-14T21:12:59.322Z] <<< [apiv2][status] GET https://firebase.googleapis.com/v1beta1/projects/igb-fonetica/adminSdkConfig 200
[debug] [2022-10-14T21:12:59.322Z] <<< [apiv2][body] GET https://firebase.googleapis.com/v1beta1/projects/igb-fonetica/adminSdkConfig {"projectId":"igb-fonetica","storageBucket":"igb-fonetica.appspot.com","locationId":"us-central"}
[info] i  functions: Watching "/Users/pierrecampoverde/projects/IGB/backend/functions" for Cloud Functions... {"metadata":{"emulator":{"name":"functions"},"message":"Watching \"/Users/pierrecampoverde/projects/IGB/backend/functions\" for Cloud Functions..."}}
[debug] [2022-10-14T21:12:59.364Z] Validating nodejs source
[warn] ⚠  functions: package.json indicates an outdated version of firebase-functions. Please upgrade using npm install --save firebase-functions@latest in your functions directory. 
[warn] ⚠  functions: Please note that there will be breaking changes when you upgrade. 
[debug] [2022-10-14T21:13:00.296Z] > [functions] package.json contents: {
  "name": "functions",
  "description": "Cloud Functions for Firebase",
  "scripts": {
    "serve": "firebase emulators:start --only functions",
    "shell": "firebase functions:shell",
    "start": "npm run shell",
    "deploy": "firebase deploy --only functions",
    "logs": "firebase functions:log"
  },
  "engines": {
    "node": "16"
  },
  "main": "index.js",
  "dependencies": {
    "algoliasearch": "^4.14.2",
    "cookie-parser": "^1.4.6",
    "cors": "^2.8.5",
    "express": "^4.18.1",
    "firebase": "^9.9.3",
    "firebase-admin": "^10.0.2",
    "firebase-functions": "^3.18.0",
    "stream-json": "^1.7.4"
  },
  "devDependencies": {
    "firebase-functions-test": "^0.2.0"
  },
  "private": true
}
[debug] [2022-10-14T21:13:00.296Z] Building nodejs source
[debug] [2022-10-14T21:13:00.296Z] Analyzing nodejs backend spec
[debug] [2022-10-14T21:13:00.299Z] Could not find functions.yaml. Must use http discovery
[debug] [2022-10-14T21:13:00.417Z] Serving at port 9005

[debug] [2022-10-14T21:13:00.516Z] Got response from /__/functions.yaml {"endpoints":{"api":{"platform":"gcfv1","httpsTrigger":{},"entryPoint":"api"}},"specVersion":"v1alpha1","requiredAPIs":[]}
[debug] [2022-10-14T21:13:00.521Z] shutdown requested via /__/quitquitquit

[info] ✔  functions: Loaded functions definitions from source: api. {"metadata":{"emulator":{"name":"functions"},"message":"Loaded functions definitions from source: api."}}
[info] ✔  functions[us-central1-api]: http function initialized (http://localhost:5001/igb-fonetica/us-central1/api). {"metadata":{"emulator":{"name":"functions"},"message":"\u001b[1mhttp\u001b[22m function initialized (http://localhost:5001/igb-fonetica/us-central1/api)."}}
[debug] [2022-10-14T21:14:47.275Z] File /Users/pierrecampoverde/projects/IGB/backend/functions/index.js changed, reloading triggers {"metadata":{"emulator":{"name":"functions"},"message":"File /Users/pierrecampoverde/projects/IGB/backend/functions/index.js changed, reloading triggers"}}
[debug] [2022-10-14T21:14:48.279Z] Validating nodejs source
[warn] ⚠  functions: package.json indicates an outdated version of firebase-functions. Please upgrade using npm install --save firebase-functions@latest in your functions directory. 
[warn] ⚠  functions: Please note that there will be breaking changes when you upgrade. 
[debug] [2022-10-14T21:14:49.277Z] > [functions] package.json contents: {
  "name": "functions",
  "description": "Cloud Functions for Firebase",
  "scripts": {
    "serve": "firebase emulators:start --only functions",
    "shell": "firebase functions:shell",
    "start": "npm run shell",
    "deploy": "firebase deploy --only functions",
    "logs": "firebase functions:log"
  },
  "engines": {
    "node": "16"
  },
  "main": "index.js",
  "dependencies": {
    "algoliasearch": "^4.14.2",
    "cookie-parser": "^1.4.6",
    "cors": "^2.8.5",
    "express": "^4.18.1",
    "firebase": "^9.9.3",
    "firebase-admin": "^10.0.2",
    "firebase-functions": "^3.18.0",
    "stream-json": "^1.7.4"
  },
  "devDependencies": {
    "firebase-functions-test": "^0.2.0"
  },
  "private": true
}
[debug] [2022-10-14T21:14:49.277Z] Building nodejs source
[debug] [2022-10-14T21:14:49.278Z] Analyzing nodejs backend spec
[debug] [2022-10-14T21:14:49.279Z] Could not find functions.yaml. Must use http discovery
[debug] [2022-10-14T21:14:49.497Z] Serving at port 9005

[debug] [2022-10-14T21:14:49.710Z] Got response from /__/functions.yaml {"endpoints":{"api":{"platform":"gcfv1","httpsTrigger":{},"entryPoint":"api"}},"specVersion":"v1alpha1","requiredAPIs":[]}
[debug] [2022-10-14T21:14:49.724Z] shutdown requested via /__/quitquitquit

[info] ✔  functions: Loaded functions definitions from source: api. {"metadata":{"emulator":{"name":"functions"},"message":"Loaded functions definitions from source: api."}}
[debug] [2022-10-14T21:14:53.668Z] File /Users/pierrecampoverde/projects/IGB/backend/functions/src/API/brands.js changed, reloading triggers {"metadata":{"emulator":{"name":"functions"},"message":"File /Users/pierrecampoverde/projects/IGB/backend/functions/src/API/brands.js changed, reloading triggers"}}
[debug] [2022-10-14T21:14:53.768Z] File /Users/pierrecampoverde/projects/IGB/backend/functions/src/API/brands.js changed, reloading triggers {"metadata":{"emulator":{"name":"functions"},"message":"File /Users/pierrecampoverde/projects/IGB/backend/functions/src/API/brands.js changed, reloading triggers"}}
[debug] [2022-10-14T21:14:54.771Z] Validating nodejs source
[warn] ⚠  functions: package.json indicates an outdated version of firebase-functions. Please upgrade using npm install --save firebase-functions@latest in your functions directory. 
[warn] ⚠  functions: Please note that there will be breaking changes when you upgrade. 
[debug] [2022-10-14T21:14:55.711Z] > [functions] package.json contents: {
  "name": "functions",
  "description": "Cloud Functions for Firebase",
  "scripts": {
    "serve": "firebase emulators:start --only functions",
    "shell": "firebase functions:shell",
    "start": "npm run shell",
    "deploy": "firebase deploy --only functions",
    "logs": "firebase functions:log"
  },
  "engines": {
    "node": "16"
  },
  "main": "index.js",
  "dependencies": {
    "algoliasearch": "^4.14.2",
    "cookie-parser": "^1.4.6",
    "cors": "^2.8.5",
    "express": "^4.18.1",
    "firebase": "^9.9.3",
    "firebase-admin": "^10.0.2",
    "firebase-functions": "^3.18.0",
    "stream-json": "^1.7.4"
  },
  "devDependencies": {
    "firebase-functions-test": "^0.2.0"
  },
  "private": true
}
[debug] [2022-10-14T21:14:55.711Z] Building nodejs source
[debug] [2022-10-14T21:14:55.711Z] Analyzing nodejs backend spec
[debug] [2022-10-14T21:14:55.712Z] Could not find functions.yaml. Must use http discovery
[debug] [2022-10-14T21:14:55.812Z] Serving at port 9005

[debug] [2022-10-14T21:14:55.917Z] Got response from /__/functions.yaml {"endpoints":{"api":{"platform":"gcfv1","httpsTrigger":{},"entryPoint":"api"}},"specVersion":"v1alpha1","requiredAPIs":[]}
[debug] [2022-10-14T21:14:55.920Z] shutdown requested via /__/quitquitquit

[info] ✔  functions: Loaded functions definitions from source: api. {"metadata":{"emulator":{"name":"functions"},"message":"Loaded functions definitions from source: api."}}
[debug] [2022-10-14T21:17:58.769Z] File /Users/pierrecampoverde/projects/IGB/backend/functions/index.js changed, reloading triggers {"metadata":{"emulator":{"name":"functions"},"message":"File /Users/pierrecampoverde/projects/IGB/backend/functions/index.js changed, reloading triggers"}}
[debug] [2022-10-14T21:17:59.775Z] Validating nodejs source
[warn] ⚠  functions: package.json indicates an outdated version of firebase-functions. Please upgrade using npm install --save firebase-functions@latest in your functions directory. 
[warn] ⚠  functions: Please note that there will be breaking changes when you upgrade. 
[debug] [2022-10-14T21:18:00.713Z] > [functions] package.json contents: {
  "name": "functions",
  "description": "Cloud Functions for Firebase",
  "scripts": {
    "serve": "firebase emulators:start --only functions",
    "shell": "firebase functions:shell",
    "start": "npm run shell",
    "deploy": "firebase deploy --only functions",
    "logs": "firebase functions:log"
  },
  "engines": {
    "node": "16"
  },
  "main": "index.js",
  "dependencies": {
    "algoliasearch": "^4.14.2",
    "cookie-parser": "^1.4.6",
    "cors": "^2.8.5",
    "express": "^4.18.1",
    "firebase": "^9.9.3",
    "firebase-admin": "^10.0.2",
    "firebase-functions": "^3.18.0",
    "stream-json": "^1.7.4"
  },
  "devDependencies": {
    "firebase-functions-test": "^0.2.0"
  },
  "private": true
}
[debug] [2022-10-14T21:18:00.714Z] Building nodejs source
[debug] [2022-10-14T21:18:00.714Z] Analyzing nodejs backend spec
[debug] [2022-10-14T21:18:00.714Z] Could not find functions.yaml. Must use http discovery
[debug] [2022-10-14T21:18:00.847Z] Serving at port 9005

[debug] [2022-10-14T21:18:01.068Z] Got response from /__/functions.yaml {"endpoints":{"api":{"platform":"gcfv1","httpsTrigger":{},"entryPoint":"api"}},"specVersion":"v1alpha1","requiredAPIs":[]}
[debug] [2022-10-14T21:18:01.072Z] shutdown requested via /__/quitquitquit

[info] ✔  functions: Loaded functions definitions from source: api. {"metadata":{"emulator":{"name":"functions"},"message":"Loaded functions definitions from source: api."}}
[debug] [2022-10-14T21:18:31.108Z] File /Users/pierrecampoverde/projects/IGB/backend/functions/index.js changed, reloading triggers {"metadata":{"emulator":{"name":"functions"},"message":"File /Users/pierrecampoverde/projects/IGB/backend/functions/index.js changed, reloading triggers"}}
[debug] [2022-10-14T21:18:32.116Z] Validating nodejs source
[warn] ⚠  functions: package.json indicates an outdated version of firebase-functions. Please upgrade using npm install --save firebase-functions@latest in your functions directory. 
[warn] ⚠  functions: Please note that there will be breaking changes when you upgrade. 
[debug] [2022-10-14T21:18:33.062Z] > [functions] package.json contents: {
  "name": "functions",
  "description": "Cloud Functions for Firebase",
  "scripts": {
    "serve": "firebase emulators:start --only functions",
    "shell": "firebase functions:shell",
    "start": "npm run shell",
    "deploy": "firebase deploy --only functions",
    "logs": "firebase functions:log"
  },
  "engines": {
    "node": "16"
  },
  "main": "index.js",
  "dependencies": {
    "algoliasearch": "^4.14.2",
    "cookie-parser": "^1.4.6",
    "cors": "^2.8.5",
    "express": "^4.18.1",
    "firebase": "^9.9.3",
    "firebase-admin": "^10.0.2",
    "firebase-functions": "^3.18.0",
    "stream-json": "^1.7.4"
  },
  "devDependencies": {
    "firebase-functions-test": "^0.2.0"
  },
  "private": true
}
[debug] [2022-10-14T21:18:33.062Z] Building nodejs source
[debug] [2022-10-14T21:18:33.062Z] Analyzing nodejs backend spec
[debug] [2022-10-14T21:18:33.063Z] Could not find functions.yaml. Must use http discovery
[debug] [2022-10-14T21:18:33.182Z] Serving at port 9005

[debug] [2022-10-14T21:18:33.287Z] Got response from /__/functions.yaml {"endpoints":{"api":{"platform":"gcfv1","httpsTrigger":{},"entryPoint":"api"}},"specVersion":"v1alpha1","requiredAPIs":[]}
[debug] [2022-10-14T21:18:33.290Z] shutdown requested via /__/quitquitquit

[info] ✔  functions: Loaded functions definitions from source: api. {"metadata":{"emulator":{"name":"functions"},"message":"Loaded functions definitions from source: api."}}
[debug] [2022-10-14T21:18:48.148Z] File /Users/pierrecampoverde/projects/IGB/backend/functions/index.js changed, reloading triggers {"metadata":{"emulator":{"name":"functions"},"message":"File /Users/pierrecampoverde/projects/IGB/backend/functions/index.js changed, reloading triggers"}}
[debug] [2022-10-14T21:18:49.167Z] Validating nodejs source
[warn] ⚠  functions: package.json indicates an outdated version of firebase-functions. Please upgrade using npm install --save firebase-functions@latest in your functions directory. 
[warn] ⚠  functions: Please note that there will be breaking changes when you upgrade. 
[debug] [2022-10-14T21:18:50.255Z] > [functions] package.json contents: {
  "name": "functions",
  "description": "Cloud Functions for Firebase",
  "scripts": {
    "serve": "firebase emulators:start --only functions",
    "shell": "firebase functions:shell",
    "start": "npm run shell",
    "deploy": "firebase deploy --only functions",
    "logs": "firebase functions:log"
  },
  "engines": {
    "node": "16"
  },
  "main": "index.js",
  "dependencies": {
    "algoliasearch": "^4.14.2",
    "cookie-parser": "^1.4.6",
    "cors": "^2.8.5",
    "express": "^4.18.1",
    "firebase": "^9.9.3",
    "firebase-admin": "^10.0.2",
    "firebase-functions": "^3.18.0",
    "stream-json": "^1.7.4"
  },
  "devDependencies": {
    "firebase-functions-test": "^0.2.0"
  },
  "private": true
}
[debug] [2022-10-14T21:18:50.255Z] Building nodejs source
[debug] [2022-10-14T21:18:50.255Z] Analyzing nodejs backend spec
[debug] [2022-10-14T21:18:50.255Z] Could not find functions.yaml. Must use http discovery
[debug] [2022-10-14T21:18:50.375Z] Serving at port 9005

[debug] [2022-10-14T21:18:50.477Z] Got response from /__/functions.yaml {"endpoints":{"api":{"platform":"gcfv1","httpsTrigger":{},"entryPoint":"api"}},"specVersion":"v1alpha1","requiredAPIs":[]}
[debug] [2022-10-14T21:18:50.480Z] shutdown requested via /__/quitquitquit

[info] ✔  functions: Loaded functions definitions from source: api. {"metadata":{"emulator":{"name":"functions"},"message":"Loaded functions definitions from source: api."}}
[debug] [2022-10-14T21:19:10.942Z] File /Users/pierrecampoverde/projects/IGB/backend/functions/index.js changed, reloading triggers {"metadata":{"emulator":{"name":"functions"},"message":"File /Users/pierrecampoverde/projects/IGB/backend/functions/index.js changed, reloading triggers"}}
[debug] [2022-10-14T21:19:11.948Z] Validating nodejs source
[warn] ⚠  functions: package.json indicates an outdated version of firebase-functions. Please upgrade using npm install --save firebase-functions@latest in your functions directory. 
[warn] ⚠  functions: Please note that there will be breaking changes when you upgrade. 
[debug] [2022-10-14T21:19:12.889Z] > [functions] package.json contents: {
  "name": "functions",
  "description": "Cloud Functions for Firebase",
  "scripts": {
    "serve": "firebase emulators:start --only functions",
    "shell": "firebase functions:shell",
    "start": "npm run shell",
    "deploy": "firebase deploy --only functions",
    "logs": "firebase functions:log"
  },
  "engines": {
    "node": "16"
  },
  "main": "index.js",
  "dependencies": {
    "algoliasearch": "^4.14.2",
    "cookie-parser": "^1.4.6",
    "cors": "^2.8.5",
    "express": "^4.18.1",
    "firebase": "^9.9.3",
    "firebase-admin": "^10.0.2",
    "firebase-functions": "^3.18.0",
    "stream-json": "^1.7.4"
  },
  "devDependencies": {
    "firebase-functions-test": "^0.2.0"
  },
  "private": true
}
[debug] [2022-10-14T21:19:12.889Z] Building nodejs source
[debug] [2022-10-14T21:19:12.889Z] Analyzing nodejs backend spec
[debug] [2022-10-14T21:19:12.890Z] Could not find functions.yaml. Must use http discovery
[debug] [2022-10-14T21:19:13.005Z] Serving at port 9005

[debug] [2022-10-14T21:19:13.108Z] Got response from /__/functions.yaml {"endpoints":{"api":{"platform":"gcfv1","httpsTrigger":{},"entryPoint":"api"}},"specVersion":"v1alpha1","requiredAPIs":[]}
[debug] [2022-10-14T21:19:13.111Z] shutdown requested via /__/quitquitquit

[info] ✔  functions: Loaded functions definitions from source: api. {"metadata":{"emulator":{"name":"functions"},"message":"Loaded functions definitions from source: api."}}
[debug] [2022-10-14T21:19:28.023Z] [work-queue] {"queueLength":1,"workRunningCount":0}
[debug] [2022-10-14T21:19:28.024Z] [work-queue] {"queueLength":0,"workRunningCount":1}
[debug] [2022-10-14T21:19:28.025Z] Accepted request POST /igb-fonetica/us-central1/api/authVerify?email=token --> us-central1-api
[debug] [2022-10-14T21:19:28.041Z] [worker-pool] addWorker(us-central1-api) {"metadata":{"emulator":{"name":"functions"},"message":"[worker-pool] addWorker(us-central1-api)"}}
[debug] [2022-10-14T21:19:28.042Z] [worker-pool] Adding worker with key us-central1-api, total=1 {"metadata":{"emulator":{"name":"functions"},"message":"[worker-pool] Adding worker with key us-central1-api, total=1"}}
[debug] [2022-10-14T21:19:28.042Z] [worker-pool] submitWork(triggerId=us-central1-api) {"metadata":{"emulator":{"name":"functions"},"message":"[worker-pool] submitWork(triggerId=us-central1-api)"}}
[debug] [2022-10-14T21:19:28.042Z] [worker-us-central1-api-0a81aa46-b817-4b0b-876f-37a7073010f3]: BUSY {"metadata":{"emulator":{"name":"functions"},"message":"[worker-us-central1-api-0a81aa46-b817-4b0b-876f-37a7073010f3]: BUSY"}}
[debug] [2022-10-14T21:19:29.079Z] [runtime-status] [29657] Resolved module firebase-admin {"declared":true,"installed":true,"version":"10.3.0","resolution":"/Users/pierrecampoverde/projects/IGB/backend/functions/node_modules/firebase-admin/lib/index.js"} {"metadata":{"emulator":{"name":"functions"},"function":{"name":"us-central1-api"},"extension":{},"message":"[runtime-status] [29657] Resolved module firebase-admin {\"declared\":true,\"installed\":true,\"version\":\"10.3.0\",\"resolution\":\"/Users/pierrecampoverde/projects/IGB/backend/functions/node_modules/firebase-admin/lib/index.js\"}"}}
[debug] [2022-10-14T21:19:29.080Z] [runtime-status] [29657] Resolved module firebase-functions {"declared":true,"installed":true,"version":"3.22.0","resolution":"/Users/pierrecampoverde/projects/IGB/backend/functions/node_modules/firebase-functions/lib/index.js"} {"metadata":{"emulator":{"name":"functions"},"function":{"name":"us-central1-api"},"extension":{},"message":"[runtime-status] [29657] Resolved module firebase-functions {\"declared\":true,\"installed\":true,\"version\":\"3.22.0\",\"resolution\":\"/Users/pierrecampoverde/projects/IGB/backend/functions/node_modules/firebase-functions/lib/index.js\"}"}}
[debug] [2022-10-14T21:19:29.080Z] [runtime-status] [29657] Outgoing network have been stubbed. [{"name":"http","status":"mocked"},{"name":"http","status":"mocked"},{"name":"https","status":"mocked"},{"name":"https","status":"mocked"},{"name":"net","status":"mocked"}] {"metadata":{"emulator":{"name":"functions"},"function":{"name":"us-central1-api"},"extension":{},"message":"[runtime-status] [29657] Outgoing network have been stubbed. [{\"name\":\"http\",\"status\":\"mocked\"},{\"name\":\"http\",\"status\":\"mocked\"},{\"name\":\"https\",\"status\":\"mocked\"},{\"name\":\"https\",\"status\":\"mocked\"},{\"name\":\"net\",\"status\":\"mocked\"}]"}}
[debug] [2022-10-14T21:19:29.080Z] [runtime-status] [29657] Resolved module firebase-functions {"declared":true,"installed":true,"version":"3.22.0","resolution":"/Users/pierrecampoverde/projects/IGB/backend/functions/node_modules/firebase-functions/lib/index.js"} {"metadata":{"emulator":{"name":"functions"},"function":{"name":"us-central1-api"},"extension":{},"message":"[runtime-status] [29657] Resolved module firebase-functions {\"declared\":true,\"installed\":true,\"version\":\"3.22.0\",\"resolution\":\"/Users/pierrecampoverde/projects/IGB/backend/functions/node_modules/firebase-functions/lib/index.js\"}"}}
[debug] [2022-10-14T21:19:29.110Z] [runtime-status] [29657] Checked functions.config() {"config":{}} {"metadata":{"emulator":{"name":"functions"},"function":{"name":"us-central1-api"},"extension":{},"message":"[runtime-status] [29657] Checked functions.config() {\"config\":{}}"}}
[debug] [2022-10-14T21:19:29.111Z] [runtime-status] [29657] firebase-functions has been stubbed. {"functionsResolution":{"declared":true,"installed":true,"version":"3.22.0","resolution":"/Users/pierrecampoverde/projects/IGB/backend/functions/node_modules/firebase-functions/lib/index.js"}} {"metadata":{"emulator":{"name":"functions"},"function":{"name":"us-central1-api"},"extension":{},"message":"[runtime-status] [29657] firebase-functions has been stubbed. {\"functionsResolution\":{\"declared\":true,\"installed\":true,\"version\":\"3.22.0\",\"resolution\":\"/Users/pierrecampoverde/projects/IGB/backend/functions/node_modules/firebase-functions/lib/index.js\"}}"}}
[debug] [2022-10-14T21:19:29.111Z] [runtime-status] [29657] Resolved module firebase-functions {"declared":true,"installed":true,"version":"3.22.0","resolution":"/Users/pierrecampoverde/projects/IGB/backend/functions/node_modules/firebase-functions/lib/index.js"} {"metadata":{"emulator":{"name":"functions"},"function":{"name":"us-central1-api"},"extension":{},"message":"[runtime-status] [29657] Resolved module firebase-functions {\"declared\":true,\"installed\":true,\"version\":\"3.22.0\",\"resolution\":\"/Users/pierrecampoverde/projects/IGB/backend/functions/node_modules/firebase-functions/lib/index.js\"}"}}
[debug] [2022-10-14T21:19:29.111Z] [runtime-status] [29657] Resolved module firebase-admin {"declared":true,"installed":true,"version":"10.3.0","resolution":"/Users/pierrecampoverde/projects/IGB/backend/functions/node_modules/firebase-admin/lib/index.js"} {"metadata":{"emulator":{"name":"functions"},"function":{"name":"us-central1-api"},"extension":{},"message":"[runtime-status] [29657] Resolved module firebase-admin {\"declared\":true,\"installed\":true,\"version\":\"10.3.0\",\"resolution\":\"/Users/pierrecampoverde/projects/IGB/backend/functions/node_modules/firebase-admin/lib/index.js\"}"}}
[debug] [2022-10-14T21:19:29.112Z] [runtime-status] [29657] Resolved module firebase-functions {"declared":true,"installed":true,"version":"3.22.0","resolution":"/Users/pierrecampoverde/projects/IGB/backend/functions/node_modules/firebase-functions/lib/index.js"} {"metadata":{"emulator":{"name":"functions"},"function":{"name":"us-central1-api"},"extension":{},"message":"[runtime-status] [29657] Resolved module firebase-functions {\"declared\":true,\"installed\":true,\"version\":\"3.22.0\",\"resolution\":\"/Users/pierrecampoverde/projects/IGB/backend/functions/node_modules/firebase-functions/lib/index.js\"}"}}
[debug] [2022-10-14T21:19:29.115Z] [runtime-status] [29657] firebase-admin has been stubbed. {"adminResolution":{"declared":true,"installed":true,"version":"10.3.0","resolution":"/Users/pierrecampoverde/projects/IGB/backend/functions/node_modules/firebase-admin/lib/index.js"}} {"metadata":{"emulator":{"name":"functions"},"function":{"name":"us-central1-api"},"extension":{},"message":"[runtime-status] [29657] firebase-admin has been stubbed. {\"adminResolution\":{\"declared\":true,\"installed\":true,\"version\":\"10.3.0\",\"resolution\":\"/Users/pierrecampoverde/projects/IGB/backend/functions/node_modules/firebase-admin/lib/index.js\"}}"}}
[debug] [2022-10-14T21:19:29.115Z] [runtime-status] [29657] Functions runtime initialized. {"cwd":"/Users/pierrecampoverde/projects/IGB/backend/functions","node_version":"16.13.1"} {"metadata":{"emulator":{"name":"functions"},"function":{"name":"us-central1-api"},"extension":{},"message":"[runtime-status] [29657] Functions runtime initialized. {\"cwd\":\"/Users/pierrecampoverde/projects/IGB/backend/functions\",\"node_version\":\"16.13.1\"}"}}
[debug] [2022-10-14T21:19:29.177Z] [runtime-status] [29657] initializeApp(DEFAULT) {"storageBucket":"igb-fonetica.appspot.com","projectId":"igb-fonetica"} {"metadata":{"emulator":{"name":"functions"},"function":{"name":"us-central1-api"},"extension":{},"message":"[runtime-status] [29657] initializeApp(DEFAULT) {\"storageBucket\":\"igb-fonetica.appspot.com\",\"projectId\":\"igb-fonetica\"}"}}
[warn] ⚠  functions: The Cloud Firestore emulator is not running, so calls to Firestore will affect production. {"metadata":{"emulator":{"name":"functions"},"function":{"name":"us-central1-api"},"extension":{},"message":"The Cloud Firestore emulator is not running, so calls to Firestore will affect production."}}
[debug] [2022-10-14T21:19:29.238Z] [runtime-status] [29657] Beginning invocation function api! {"metadata":{"emulator":{"name":"functions"},"function":{"name":"us-central1-api"},"extension":{},"message":"[runtime-status] [29657] Beginning invocation function api!"}}
[info] i  functions: Beginning execution of "api" {"metadata":{"emulator":{"name":"functions"},"function":{"name":"us-central1-api"},"extension":{},"message":"Beginning execution of \"api\""}}
[debug] [2022-10-14T21:19:29.238Z] [runtime-status] [29657] Running api in signature http {"metadata":{"emulator":{"name":"functions"},"function":{"name":"us-central1-api"},"extension":{},"message":"[runtime-status] [29657] Running api in signature http"}}
[debug] [2022-10-14T21:19:29.242Z] [runtime-status] [29657] Listening to port: /var/folders/q4/6lvlk67j66j7k221yfxsm4b80000gn/T/fire_emu_4ba7e56f4468ebdd.sock {"metadata":{"emulator":{"name":"functions"},"function":{"name":"us-central1-api"},"extension":{},"message":"[runtime-status] [29657] Listening to port: /var/folders/q4/6lvlk67j66j7k221yfxsm4b80000gn/T/fire_emu_4ba7e56f4468ebdd.sock"}}
[debug] [2022-10-14T21:19:29.276Z] [functions] Runtime ready! Sending request! {"metadata":{"emulator":{"name":"functions"},"message":"[functions] Runtime ready! Sending request!"}}
[debug] [2022-10-14T21:19:29.277Z] [functions] Got req.url=/igb-fonetica/us-central1/api/authVerify?email=token, mapping to path=/authVerify?email=token {"metadata":{"emulator":{"name":"functions"},"message":"[functions] Got req.url=/igb-fonetica/us-central1/api/authVerify?email=token, mapping to path=/authVerify?email=token"}}
[debug] [2022-10-14T21:19:29.288Z] [runtime-status] [29657] Ephemeral server handling POST request {"metadata":{"emulator":{"name":"functions"},"function":{"name":"us-central1-api"},"extension":{},"message":"[runtime-status] [29657] Ephemeral server handling POST request"}}
[debug] [2022-10-14T21:19:29.290Z] [runtime-status] [29657] Ephemeral server survived. {"metadata":{"emulator":{"name":"functions"},"function":{"name":"us-central1-api"},"extension":{},"message":"[runtime-status] [29657] Ephemeral server survived."}}
[info] i  functions: Finished "api" in ~1s {"metadata":{"emulator":{"name":"functions"},"function":{"name":"us-central1-api"},"extension":{},"message":"Finished \"api\" in ~1s"}}
[debug] [2022-10-14T21:19:29.291Z] [worker-us-central1-api-0a81aa46-b817-4b0b-876f-37a7073010f3]: IDLE {"metadata":{"emulator":{"name":"functions"},"message":"[worker-us-central1-api-0a81aa46-b817-4b0b-876f-37a7073010f3]: IDLE"}}
[debug] [2022-10-14T21:19:29.291Z] [work-queue] {"queueLength":0,"workRunningCount":0}
[debug] [2022-10-14T21:19:34.297Z] File /Users/pierrecampoverde/projects/IGB/backend/functions/index.js changed, reloading triggers {"metadata":{"emulator":{"name":"functions"},"message":"File /Users/pierrecampoverde/projects/IGB/backend/functions/index.js changed, reloading triggers"}}
[debug] [2022-10-14T21:19:35.305Z] Validating nodejs source
[warn] ⚠  functions: package.json indicates an outdated version of firebase-functions. Please upgrade using npm install --save firebase-functions@latest in your functions directory. 
[warn] ⚠  functions: Please note that there will be breaking changes when you upgrade. 
[debug] [2022-10-14T21:19:37.247Z] > [functions] package.json contents: {
  "name": "functions",
  "description": "Cloud Functions for Firebase",
  "scripts": {
    "serve": "firebase emulators:start --only functions",
    "shell": "firebase functions:shell",
    "start": "npm run shell",
    "deploy": "firebase deploy --only functions",
    "logs": "firebase functions:log"
  },
  "engines": {
    "node": "16"
  },
  "main": "index.js",
  "dependencies": {
    "algoliasearch": "^4.14.2",
    "cookie-parser": "^1.4.6",
    "cors": "^2.8.5",
    "express": "^4.18.1",
    "firebase": "^9.9.3",
    "firebase-admin": "^10.0.2",
    "firebase-functions": "^3.18.0",
    "stream-json": "^1.7.4"
  },
  "devDependencies": {
    "firebase-functions-test": "^0.2.0"
  },
  "private": true
}
[debug] [2022-10-14T21:19:37.247Z] Building nodejs source
[debug] [2022-10-14T21:19:37.247Z] Analyzing nodejs backend spec
[debug] [2022-10-14T21:19:37.248Z] Could not find functions.yaml. Must use http discovery
[debug] [2022-10-14T21:19:37.386Z] Serving at port 9005

[debug] [2022-10-14T21:19:37.511Z] Got response from /__/functions.yaml {"endpoints":{"api":{"platform":"gcfv1","httpsTrigger":{},"entryPoint":"api"}},"specVersion":"v1alpha1","requiredAPIs":[]}
[debug] [2022-10-14T21:19:37.515Z] shutdown requested via /__/quitquitquit

[info] ✔  functions: Loaded functions definitions from source: api. {"metadata":{"emulator":{"name":"functions"},"message":"Loaded functions definitions from source: api."}}
[debug] [2022-10-14T21:19:37.530Z] [worker-pool] Shutting down IDLE worker (us-central1-api) {"metadata":{"emulator":{"name":"functions"},"message":"[worker-pool] Shutting down IDLE worker (us-central1-api)"}}
[debug] [2022-10-14T21:19:37.530Z] [worker-us-central1-api-0a81aa46-b817-4b0b-876f-37a7073010f3]: FINISHING {"metadata":{"emulator":{"name":"functions"},"message":"[worker-us-central1-api-0a81aa46-b817-4b0b-876f-37a7073010f3]: FINISHING"}}
[debug] [2022-10-14T21:19:37.536Z] [worker-us-central1-api-0a81aa46-b817-4b0b-876f-37a7073010f3]: exited {"metadata":{"emulator":{"name":"functions"},"message":"[worker-us-central1-api-0a81aa46-b817-4b0b-876f-37a7073010f3]: exited"}}
[debug] [2022-10-14T21:19:37.536Z] [worker-us-central1-api-0a81aa46-b817-4b0b-876f-37a7073010f3]: FINISHED {"metadata":{"emulator":{"name":"functions"},"message":"[worker-us-central1-api-0a81aa46-b817-4b0b-876f-37a7073010f3]: FINISHED"}}
[debug] [2022-10-14T21:24:26.354Z] File /Users/pierrecampoverde/projects/IGB/backend/functions/src/API/users.js changed, reloading triggers {"metadata":{"emulator":{"name":"functions"},"message":"File /Users/pierrecampoverde/projects/IGB/backend/functions/src/API/users.js changed, reloading triggers"}}
[debug] [2022-10-14T21:24:27.360Z] Validating nodejs source
[warn] ⚠  functions: package.json indicates an outdated version of firebase-functions. Please upgrade using npm install --save firebase-functions@latest in your functions directory. 
[warn] ⚠  functions: Please note that there will be breaking changes when you upgrade. 
[debug] [2022-10-14T21:24:28.265Z] > [functions] package.json contents: {
  "name": "functions",
  "description": "Cloud Functions for Firebase",
  "scripts": {
    "serve": "firebase emulators:start --only functions",
    "shell": "firebase functions:shell",
    "start": "npm run shell",
    "deploy": "firebase deploy --only functions",
    "logs": "firebase functions:log"
  },
  "engines": {
    "node": "16"
  },
  "main": "index.js",
  "dependencies": {
    "algoliasearch": "^4.14.2",
    "cookie-parser": "^1.4.6",
    "cors": "^2.8.5",
    "express": "^4.18.1",
    "firebase": "^9.9.3",
    "firebase-admin": "^10.0.2",
    "firebase-functions": "^3.18.0",
    "stream-json": "^1.7.4"
  },
  "devDependencies": {
    "firebase-functions-test": "^0.2.0"
  },
  "private": true
}
[debug] [2022-10-14T21:24:28.265Z] Building nodejs source
[debug] [2022-10-14T21:24:28.265Z] Analyzing nodejs backend spec
[debug] [2022-10-14T21:24:28.265Z] Could not find functions.yaml. Must use http discovery
[debug] [2022-10-14T21:24:28.400Z] Serving at port 9005

[debug] [2022-10-14T21:24:28.511Z] Got response from /__/functions.yaml {"endpoints":{"api":{"platform":"gcfv1","httpsTrigger":{},"entryPoint":"api"}},"specVersion":"v1alpha1","requiredAPIs":[]}
[debug] [2022-10-14T21:24:28.514Z] shutdown requested via /__/quitquitquit

[info] ✔  functions: Loaded functions definitions from source: api. {"metadata":{"emulator":{"name":"functions"},"message":"Loaded functions definitions from source: api."}}
[debug] [2022-10-14T21:24:31.074Z] File /Users/pierrecampoverde/projects/IGB/backend/functions/src/API/users.js changed, reloading triggers {"metadata":{"emulator":{"name":"functions"},"message":"File /Users/pierrecampoverde/projects/IGB/backend/functions/src/API/users.js changed, reloading triggers"}}
[debug] [2022-10-14T21:24:31.175Z] File /Users/pierrecampoverde/projects/IGB/backend/functions/src/API/users.js changed, reloading triggers {"metadata":{"emulator":{"name":"functions"},"message":"File /Users/pierrecampoverde/projects/IGB/backend/functions/src/API/users.js changed, reloading triggers"}}
[debug] [2022-10-14T21:24:32.178Z] Validating nodejs source
[warn] ⚠  functions: package.json indicates an outdated version of firebase-functions. Please upgrade using npm install --save firebase-functions@latest in your functions directory. 
[warn] ⚠  functions: Please note that there will be breaking changes when you upgrade. 
[debug] [2022-10-14T21:24:33.038Z] > [functions] package.json contents: {
  "name": "functions",
  "description": "Cloud Functions for Firebase",
  "scripts": {
    "serve": "firebase emulators:start --only functions",
    "shell": "firebase functions:shell",
    "start": "npm run shell",
    "deploy": "firebase deploy --only functions",
    "logs": "firebase functions:log"
  },
  "engines": {
    "node": "16"
  },
  "main": "index.js",
  "dependencies": {
    "algoliasearch": "^4.14.2",
    "cookie-parser": "^1.4.6",
    "cors": "^2.8.5",
    "express": "^4.18.1",
    "firebase": "^9.9.3",
    "firebase-admin": "^10.0.2",
    "firebase-functions": "^3.18.0",
    "stream-json": "^1.7.4"
  },
  "devDependencies": {
    "firebase-functions-test": "^0.2.0"
  },
  "private": true
}
[debug] [2022-10-14T21:24:33.039Z] Building nodejs source
[debug] [2022-10-14T21:24:33.039Z] Analyzing nodejs backend spec
[debug] [2022-10-14T21:24:33.039Z] Could not find functions.yaml. Must use http discovery
[debug] [2022-10-14T21:24:33.131Z] Serving at port 9005

[debug] [2022-10-14T21:24:33.207Z] Got response from /__/functions.yaml {"endpoints":{"api":{"platform":"gcfv1","httpsTrigger":{},"entryPoint":"api"}},"specVersion":"v1alpha1","requiredAPIs":[]}
[debug] [2022-10-14T21:24:33.210Z] shutdown requested via /__/quitquitquit

[info] ✔  functions: Loaded functions definitions from source: api. {"metadata":{"emulator":{"name":"functions"},"message":"Loaded functions definitions from source: api."}}
[debug] [2022-10-14T21:30:59.611Z] File /Users/pierrecampoverde/projects/IGB/backend/functions/src/API/users.js changed, reloading triggers {"metadata":{"emulator":{"name":"functions"},"message":"File /Users/pierrecampoverde/projects/IGB/backend/functions/src/API/users.js changed, reloading triggers"}}
[debug] [2022-10-14T21:31:00.621Z] Validating nodejs source
[warn] ⚠  functions: package.json indicates an outdated version of firebase-functions. Please upgrade using npm install --save firebase-functions@latest in your functions directory. 
[warn] ⚠  functions: Please note that there will be breaking changes when you upgrade. 
[debug] [2022-10-14T21:31:01.603Z] > [functions] package.json contents: {
  "name": "functions",
  "description": "Cloud Functions for Firebase",
  "scripts": {
    "serve": "firebase emulators:start --only functions",
    "shell": "firebase functions:shell",
    "start": "npm run shell",
    "deploy": "firebase deploy --only functions",
    "logs": "firebase functions:log"
  },
  "engines": {
    "node": "16"
  },
  "main": "index.js",
  "dependencies": {
    "algoliasearch": "^4.14.2",
    "cookie-parser": "^1.4.6",
    "cors": "^2.8.5",
    "express": "^4.18.1",
    "firebase": "^9.9.3",
    "firebase-admin": "^10.0.2",
    "firebase-functions": "^3.18.0",
    "stream-json": "^1.7.4"
  },
  "devDependencies": {
    "firebase-functions-test": "^0.2.0"
  },
  "private": true
}
[debug] [2022-10-14T21:31:01.603Z] Building nodejs source
[debug] [2022-10-14T21:31:01.603Z] Analyzing nodejs backend spec
[debug] [2022-10-14T21:31:01.604Z] Could not find functions.yaml. Must use http discovery
[debug] [2022-10-14T21:31:01.727Z] Serving at port 9005

[debug] [2022-10-14T21:31:01.844Z] Got response from /__/functions.yaml {"endpoints":{"api":{"platform":"gcfv1","httpsTrigger":{},"entryPoint":"api"}},"specVersion":"v1alpha1","requiredAPIs":[]}
[debug] [2022-10-14T21:31:01.847Z] shutdown requested via /__/quitquitquit

[info] ✔  functions: Loaded functions definitions from source: api. {"metadata":{"emulator":{"name":"functions"},"message":"Loaded functions definitions from source: api."}}
[debug] [2022-10-14T21:31:09.140Z] File /Users/pierrecampoverde/projects/IGB/backend/functions/src/API/users.js changed, reloading triggers {"metadata":{"emulator":{"name":"functions"},"message":"File /Users/pierrecampoverde/projects/IGB/backend/functions/src/API/users.js changed, reloading triggers"}}
[debug] [2022-10-14T21:31:10.143Z] Validating nodejs source
[warn] ⚠  functions: package.json indicates an outdated version of firebase-functions. Please upgrade using npm install --save firebase-functions@latest in your functions directory. 
[warn] ⚠  functions: Please note that there will be breaking changes when you upgrade. 
[debug] [2022-10-14T21:31:10.979Z] > [functions] package.json contents: {
  "name": "functions",
  "description": "Cloud Functions for Firebase",
  "scripts": {
    "serve": "firebase emulators:start --only functions",
    "shell": "firebase functions:shell",
    "start": "npm run shell",
    "deploy": "firebase deploy --only functions",
    "logs": "firebase functions:log"
  },
  "engines": {
    "node": "16"
  },
  "main": "index.js",
  "dependencies": {
    "algoliasearch": "^4.14.2",
    "cookie-parser": "^1.4.6",
    "cors": "^2.8.5",
    "express": "^4.18.1",
    "firebase": "^9.9.3",
    "firebase-admin": "^10.0.2",
    "firebase-functions": "^3.18.0",
    "stream-json": "^1.7.4"
  },
  "devDependencies": {
    "firebase-functions-test": "^0.2.0"
  },
  "private": true
}
[debug] [2022-10-14T21:31:10.979Z] Building nodejs source
[debug] [2022-10-14T21:31:10.979Z] Analyzing nodejs backend spec
[debug] [2022-10-14T21:31:10.980Z] Could not find functions.yaml. Must use http discovery
[debug] [2022-10-14T21:31:11.070Z] Serving at port 9005

[debug] [2022-10-14T21:31:11.146Z] Got response from /__/functions.yaml {"endpoints":{"api":{"platform":"gcfv1","httpsTrigger":{},"entryPoint":"api"}},"specVersion":"v1alpha1","requiredAPIs":[]}
[debug] [2022-10-14T21:31:11.150Z] shutdown requested via /__/quitquitquit

[info] ✔  functions: Loaded functions definitions from source: api. {"metadata":{"emulator":{"name":"functions"},"message":"Loaded functions definitions from source: api."}}
